Using pre-set license
Built from '2020.3/staging' branch; Version is '2020.3.29f1 (2ff179115da0) revision 3142009'; Using compiler version '192528614'; Build Type 'Release'
OS: 'Windows 10  (10.0.19044) 64bit Enterprise' Language: 'en' Physical Memory: 32678 MB
BatchMode: 1, IsHumanControllingUs: 0, StartBugReporterOnCrash: 0, Is64bit: 1, IsPro: 0

COMMAND LINE ARGUMENTS:
C:\Program Files\Unity\Hub\Editor\2020.3.29f1\Editor\Unity.exe
-adb2
-batchMode
-noUpm
-name
AssetImportWorker0
-projectPath
C:/Users/lmueck/Desktop/Createwithcode_LucyMueck/UI and Animations
-logFile
Logs/AssetImportWorker0.log
-srvPort
49184
Successfully changed project path to: C:/Users/lmueck/Desktop/Createwithcode_LucyMueck/UI and Animations
C:/Users/lmueck/Desktop/Createwithcode_LucyMueck/UI and Animations
Using Asset Import Pipeline V2.
Refreshing native plugins compatible for Editor in 34.80 ms, found 2 plugins.
Preloading 0 native plugins for Editor in 0.00 ms.
Initialize engine version: 2020.3.29f1 (2ff179115da0)
[Subsystems] Discovering subsystems at path C:/Program Files/Unity/Hub/Editor/2020.3.29f1/Editor/Data/Resources/UnitySubsystems
[Subsystems] Discovering subsystems at path C:/Users/lmueck/Desktop/Createwithcode_LucyMueck/UI and Animations/Assets
GfxDevice: creating device client; threaded=0
Direct3D:
    Version:  Direct3D 11.0 [level 11.1]
    Renderer: NVIDIA Quadro P600 (ID=0x1cb2)
    Vendor:   
    VRAM:     1981 MB
    Driver:   26.21.14.3086
Initialize mono
Mono path[0] = 'C:/Program Files/Unity/Hub/Editor/2020.3.29f1/Editor/Data/Managed'
Mono path[1] = 'C:/Program Files/Unity/Hub/Editor/2020.3.29f1/Editor/Data/MonoBleedingEdge/lib/mono/unityjit'
Mono config path = 'C:/Program Files/Unity/Hub/Editor/2020.3.29f1/Editor/Data/MonoBleedingEdge/etc'
Using monoOptions --debugger-agent=transport=dt_socket,embedding=1,server=y,suspend=n,address=127.0.0.1:56164
Begin MonoManager ReloadAssembly
Registering precompiled unity dll's ...
Register platform support module: C:/Program Files/Unity/Hub/Editor/2020.3.29f1/Editor/Data/PlaybackEngines/WebGLSupport/UnityEditor.WebGL.Extensions.dll
Register platform support module: C:/Program Files/Unity/Hub/Editor/2020.3.29f1/Editor/Data/PlaybackEngines/WindowsStandaloneSupport/UnityEditor.WindowsStandalone.Extensions.dll
Registered in 0.003167 seconds.
Native extension for WindowsStandalone target not found
Native extension for WebGL target not found
Refreshing native plugins compatible for Editor in 33.03 ms, found 2 plugins.
Preloading 0 native plugins for Editor in 0.00 ms.
Mono: successfully reloaded assembly
- Completed reload, in  0.583 seconds
Domain Reload Profiling:
	ReloadAssembly (583ms)
		BeginReloadAssembly (71ms)
			ExecutionOrderSort (0ms)
			DisableScriptedObjects (0ms)
			BackupInstance (0ms)
			ReleaseScriptingObjects (0ms)
			CreateAndSetChildDomain (1ms)
		EndReloadAssembly (439ms)
			LoadAssemblies (68ms)
			RebuildTransferFunctionScriptingTraits (0ms)
			SetupTypeCache (145ms)
			ReleaseScriptCaches (0ms)
			RebuildScriptCaches (31ms)
			SetupLoadedEditorAssemblies (161ms)
				LogAssemblyErrors (0ms)
				InitializePlatformSupportModulesInManaged (5ms)
				SetLoadedEditorAssemblies (0ms)
				RefreshPlugins (33ms)
				BeforeProcessingInitializeOnLoad (16ms)
				ProcessInitializeOnLoadAttributes (79ms)
				ProcessInitializeOnLoadMethodAttributes (27ms)
				AfterProcessingInitializeOnLoad (0ms)
				EditorAssembliesLoaded (0ms)
			ExecutionOrderSort2 (0ms)
			AwakeInstancesAfterBackupRestoration (0ms)
Platform modules already initialized, skipping
Registering precompiled user dll's ...
Registered in 0.003913 seconds.
Begin MonoManager ReloadAssembly
Native extension for WindowsStandalone target not found
Native extension for WebGL target not found
Refreshing native plugins compatible for Editor in 0.35 ms, found 2 plugins.
Preloading 0 native plugins for Editor in 0.00 ms.
Mono: successfully reloaded assembly
- Completed reload, in  1.016 seconds
Domain Reload Profiling:
	ReloadAssembly (1017ms)
		BeginReloadAssembly (164ms)
			ExecutionOrderSort (0ms)
			DisableScriptedObjects (5ms)
			BackupInstance (0ms)
			ReleaseScriptingObjects (0ms)
			CreateAndSetChildDomain (19ms)
		EndReloadAssembly (790ms)
			LoadAssemblies (104ms)
			RebuildTransferFunctionScriptingTraits (0ms)
			SetupTypeCache (268ms)
			ReleaseScriptCaches (0ms)
			RebuildScriptCaches (40ms)
			SetupLoadedEditorAssemblies (301ms)
				LogAssemblyErrors (0ms)
				InitializePlatformSupportModulesInManaged (5ms)
				SetLoadedEditorAssemblies (0ms)
				RefreshPlugins (0ms)
				BeforeProcessingInitializeOnLoad (78ms)
				ProcessInitializeOnLoadAttributes (200ms)
				ProcessInitializeOnLoadMethodAttributes (9ms)
				AfterProcessingInitializeOnLoad (8ms)
				EditorAssembliesLoaded (0ms)
			ExecutionOrderSort2 (0ms)
			AwakeInstancesAfterBackupRestoration (6ms)
Platform modules already initialized, skipping
========================================================================
Worker process is ready to serve import requests
Launched and connected shader compiler UnityShaderCompiler.exe after 0.05 seconds
Refreshing native plugins compatible for Editor in 0.34 ms, found 2 plugins.
Preloading 0 native plugins for Editor in 0.00 ms.
Unloading 1526 Unused Serialized files (Serialized files now loaded: 0)
System memory in use before: 71.2 MB.
System memory in use after: 71.3 MB.

Unloading 16 unused Assets to reduce memory usage. Loaded Objects now: 1961.
Total: 2.906500 ms (FindLiveObjects: 0.133500 ms CreateObjectMapping: 0.048000 ms MarkObjects: 2.649700 ms  DeleteObjects: 0.074500 ms)

AssetImportParameters requested are different than current active one (requested -> active):
  custom:framework-win-MediaFoundation: 216162199b28c13a410421893ffa2e32 -> 
  custom:video-decoder-ogg-theora: a1e56fd34408186e4bbccfd4996cb3dc -> 
  custom:container-muxer-webm: aa71ff27fc2769a1b78a27578f13a17b -> 
  custom:container-demuxer-webm: 4f35f7cbe854078d1ac9338744f61a02 -> 
  custom:container-demuxer-ogg: 62fdf1f143b41e24485cea50d1cbac27 -> 
  custom:video-encoder-webm-vp8: eb34c28f22e8b96e1ab97ce403110664 -> 
  custom:video-decoder-webm-vp8: 9c59270c3fd7afecdb556c50c9e8de78 -> 
  custom:audio-decoder-ogg-vorbis: bf7c407c2cedff20999df2af8eb42d56 -> 
  custom:audio-encoder-webm-vorbis: bf7c407c2cedff20999df2af8eb42d56 -> 
========================================================================
Received Import Request.
  path: Assets/_Scenes
  artifactKey: Guid(290f85bbe676d6d46b9e1903e51089f3) Importer(815301076,1909f56bfc062723c751e8b465ee728b)
Start importing Assets/_Scenes using Guid(290f85bbe676d6d46b9e1903e51089f3) Importer(815301076,1909f56bfc062723c751e8b465ee728b)  -> (artifact id: 'c3e11769dfbdda020397629fc2d07ce7') in 0.005123 seconds 
  Import took 0.007428 seconds .

========================================================================
Received Import Request.
  Time since last request: 814.981384 seconds.
  path: Assets/_Scenes/GameSelectMenu.unity
  artifactKey: Guid(aba0c68ac9ddf4ba89d6fae831be5593) Importer(815301076,1909f56bfc062723c751e8b465ee728b)
Start importing Assets/_Scenes/GameSelectMenu.unity using Guid(aba0c68ac9ddf4ba89d6fae831be5593) Importer(815301076,1909f56bfc062723c751e8b465ee728b)  -> (artifact id: '9dd6253fb9a161c6fb562ff59d0db46e') in 0.011350 seconds 
  Import took 0.014120 seconds .

========================================================================
Received Import Request.
  Time since last request: 417.404331 seconds.
  path: Assets/_Scenes/FirstPersonExplorer.unity
  artifactKey: Guid(ea383d7a0f24f3442b496e39b8d3b5af) Importer(815301076,1909f56bfc062723c751e8b465ee728b)
Start importing Assets/_Scenes/FirstPersonExplorer.unity using Guid(ea383d7a0f24f3442b496e39b8d3b5af) Importer(815301076,1909f56bfc062723c751e8b465ee728b)  -> (artifact id: '3a10d0b35128ace082752ac6b216d932') in 0.003610 seconds 
  Import took 0.006351 seconds .

========================================================================
Received Prepare
Registering precompiled user dll's ...
Registered in 0.003385 seconds.
Begin MonoManager ReloadAssembly
Native extension for WindowsStandalone target not found
Native extension for WebGL target not found
Refreshing native plugins compatible for Editor in 0.35 ms, found 2 plugins.
Preloading 0 native plugins for Editor in 0.00 ms.
Mono: successfully reloaded assembly
- Completed reload, in  1.131 seconds
Domain Reload Profiling:
	ReloadAssembly (1132ms)
		BeginReloadAssembly (130ms)
			ExecutionOrderSort (0ms)
			DisableScriptedObjects (4ms)
			BackupInstance (0ms)
			ReleaseScriptingObjects (0ms)
			CreateAndSetChildDomain (32ms)
		EndReloadAssembly (940ms)
			LoadAssemblies (103ms)
			RebuildTransferFunctionScriptingTraits (0ms)
			SetupTypeCache (266ms)
			ReleaseScriptCaches (1ms)
			RebuildScriptCaches (38ms)
			SetupLoadedEditorAssemblies (437ms)
				LogAssemblyErrors (0ms)
				InitializePlatformSupportModulesInManaged (7ms)
				SetLoadedEditorAssemblies (1ms)
				RefreshPlugins (0ms)
				BeforeProcessingInitializeOnLoad (86ms)
				ProcessInitializeOnLoadAttributes (323ms)
				ProcessInitializeOnLoadMethodAttributes (11ms)
				AfterProcessingInitializeOnLoad (8ms)
				EditorAssembliesLoaded (0ms)
			ExecutionOrderSort2 (0ms)
			AwakeInstancesAfterBackupRestoration (7ms)
Platform modules already initialized, skipping
Refreshing native plugins compatible for Editor in 0.35 ms, found 2 plugins.
Preloading 0 native plugins for Editor in 0.00 ms.
Unloading 1505 Unused Serialized files (Serialized files now loaded: 0)
System memory in use before: 69.5 MB.
System memory in use after: 69.7 MB.

Unloading 11 unused Assets to reduce memory usage. Loaded Objects now: 1963.
Total: 2.595800 ms (FindLiveObjects: 0.128700 ms CreateObjectMapping: 0.046900 ms MarkObjects: 2.395000 ms  DeleteObjects: 0.024300 ms)

AssetImportParameters requested are different than current active one (requested -> active):
  custom:framework-win-MediaFoundation: 216162199b28c13a410421893ffa2e32 -> 
  custom:video-decoder-ogg-theora: a1e56fd34408186e4bbccfd4996cb3dc -> 
  custom:container-muxer-webm: aa71ff27fc2769a1b78a27578f13a17b -> 
  custom:container-demuxer-webm: 4f35f7cbe854078d1ac9338744f61a02 -> 
  custom:container-demuxer-ogg: 62fdf1f143b41e24485cea50d1cbac27 -> 
  custom:video-encoder-webm-vp8: eb34c28f22e8b96e1ab97ce403110664 -> 
  custom:video-decoder-webm-vp8: 9c59270c3fd7afecdb556c50c9e8de78 -> 
  custom:audio-decoder-ogg-vorbis: bf7c407c2cedff20999df2af8eb42d56 -> 
  custom:audio-encoder-webm-vorbis: bf7c407c2cedff20999df2af8eb42d56 -> 
========================================================================
Received Import Request.
  Time since last request: 3278.471330 seconds.
  path: Assets/Scripts
  artifactKey: Guid(77d7371e82c974a35ad24c88f9749914) Importer(815301076,1909f56bfc062723c751e8b465ee728b)
Start importing Assets/Scripts using Guid(77d7371e82c974a35ad24c88f9749914) Importer(815301076,1909f56bfc062723c751e8b465ee728b)  -> (artifact id: '8d8e4d48c03413714362e3a5bf3b04cc') in 0.007140 seconds 
  Import took 0.010022 seconds .

========================================================================
Received Import Request.
  Time since last request: 17.082148 seconds.
  path: Assets/Scripts/GAmeSelectFolder
  artifactKey: Guid(f359da2f414730a4a9e0c8e2e2a8099f) Importer(815301076,1909f56bfc062723c751e8b465ee728b)
Start importing Assets/Scripts/GAmeSelectFolder using Guid(f359da2f414730a4a9e0c8e2e2a8099f) Importer(815301076,1909f56bfc062723c751e8b465ee728b)  -> (artifact id: '3f4c5799680cd2be79da37e845bd0eb0') in 0.003228 seconds 
  Import took 0.005619 seconds .

========================================================================
Received Import Request.
  Time since last request: 2875.067645 seconds.
  path: Assets/Scripts/GAmeSelectFolder/Example.cs
  artifactKey: Guid(f1b7f7e6744a2344187b5749bebeffba) Importer(815301076,1909f56bfc062723c751e8b465ee728b)
Start importing Assets/Scripts/GAmeSelectFolder/Example.cs using Guid(f1b7f7e6744a2344187b5749bebeffba) Importer(815301076,1909f56bfc062723c751e8b465ee728b)  -> (artifact id: 'a0ca3d0f8718451c536d7384a732767a') in 0.069580 seconds 
  Import took 0.072673 seconds .

========================================================================
Received Prepare
Registering precompiled user dll's ...
Registered in 0.003631 seconds.
Begin MonoManager ReloadAssembly
Native extension for WindowsStandalone target not found
Native extension for WebGL target not found
Refreshing native plugins compatible for Editor in 0.44 ms, found 2 plugins.
Preloading 0 native plugins for Editor in 0.00 ms.
Mono: successfully reloaded assembly
- Completed reload, in  1.005 seconds
Domain Reload Profiling:
	ReloadAssembly (1006ms)
		BeginReloadAssembly (134ms)
			ExecutionOrderSort (0ms)
			DisableScriptedObjects (6ms)
			BackupInstance (0ms)
			ReleaseScriptingObjects (0ms)
			CreateAndSetChildDomain (35ms)
		EndReloadAssembly (802ms)
			LoadAssemblies (113ms)
			RebuildTransferFunctionScriptingTraits (0ms)
			SetupTypeCache (287ms)
			ReleaseScriptCaches (1ms)
			RebuildScriptCaches (38ms)
			SetupLoadedEditorAssemblies (288ms)
				LogAssemblyErrors (0ms)
				InitializePlatformSupportModulesInManaged (6ms)
				SetLoadedEditorAssemblies (1ms)
				RefreshPlugins (1ms)
				BeforeProcessingInitializeOnLoad (76ms)
				ProcessInitializeOnLoadAttributes (187ms)
				ProcessInitializeOnLoadMethodAttributes (9ms)
				AfterProcessingInitializeOnLoad (9ms)
				EditorAssembliesLoaded (0ms)
			ExecutionOrderSort2 (0ms)
			AwakeInstancesAfterBackupRestoration (7ms)
Platform modules already initialized, skipping
Refreshing native plugins compatible for Editor in 0.35 ms, found 2 plugins.
Preloading 0 native plugins for Editor in 0.00 ms.
Unloading 1506 Unused Serialized files (Serialized files now loaded: 0)
System memory in use before: 69.7 MB.
System memory in use after: 69.8 MB.

Unloading 11 unused Assets to reduce memory usage. Loaded Objects now: 1966.
Total: 2.625600 ms (FindLiveObjects: 0.138400 ms CreateObjectMapping: 0.039000 ms MarkObjects: 2.428200 ms  DeleteObjects: 0.019400 ms)

AssetImportParameters requested are different than current active one (requested -> active):
  custom:framework-win-MediaFoundation: 216162199b28c13a410421893ffa2e32 -> 
  custom:video-decoder-ogg-theora: a1e56fd34408186e4bbccfd4996cb3dc -> 
  custom:container-muxer-webm: aa71ff27fc2769a1b78a27578f13a17b -> 
  custom:container-demuxer-webm: 4f35f7cbe854078d1ac9338744f61a02 -> 
  custom:container-demuxer-ogg: 62fdf1f143b41e24485cea50d1cbac27 -> 
  custom:video-encoder-webm-vp8: eb34c28f22e8b96e1ab97ce403110664 -> 
  custom:video-decoder-webm-vp8: 9c59270c3fd7afecdb556c50c9e8de78 -> 
  custom:audio-decoder-ogg-vorbis: bf7c407c2cedff20999df2af8eb42d56 -> 
  custom:audio-encoder-webm-vorbis: bf7c407c2cedff20999df2af8eb42d56 -> 
========================================================================
Received Import Request.
  Time since last request: 15.068941 seconds.
  path: Assets/Scripts/GAmeSelectFolder/Button 1.prefab
  artifactKey: Guid(7df2e7dde17426a4b9a59dbb705f30da) Importer(815301076,1909f56bfc062723c751e8b465ee728b)
Start importing Assets/Scripts/GAmeSelectFolder/Button 1.prefab using Guid(7df2e7dde17426a4b9a59dbb705f30da) Importer(815301076,1909f56bfc062723c751e8b465ee728b)  -> (artifact id: 'ef470d5d5799cfe8e400278364942630') in 0.100601 seconds 
  Import took 0.103168 seconds .

========================================================================
Received Import Request.
  Time since last request: 34.997888 seconds.
  path: Assets/Scripts/GAmeSelectFolder/Button.prefab
  artifactKey: Guid(7a8cdb7a2498b974a8ff17e114429eb1) Importer(815301076,1909f56bfc062723c751e8b465ee728b)
Start importing Assets/Scripts/GAmeSelectFolder/Button.prefab using Guid(7a8cdb7a2498b974a8ff17e114429eb1) Importer(815301076,1909f56bfc062723c751e8b465ee728b)  -> (artifact id: '05933d94b08e668ebfee62b9dff9e3cd') in 0.030736 seconds 
  Import took 0.033280 seconds .

========================================================================
Received Prepare
Registering precompiled user dll's ...
Registered in 0.012608 seconds.
Begin MonoManager ReloadAssembly
Native extension for WindowsStandalone target not found
Native extension for WebGL target not found
Refreshing native plugins compatible for Editor in 0.36 ms, found 2 plugins.
Preloading 0 native plugins for Editor in 0.00 ms.
Mono: successfully reloaded assembly
- Completed reload, in  0.957 seconds
Domain Reload Profiling:
	ReloadAssembly (958ms)
		BeginReloadAssembly (127ms)
			ExecutionOrderSort (0ms)
			DisableScriptedObjects (5ms)
			BackupInstance (0ms)
			ReleaseScriptingObjects (0ms)
			CreateAndSetChildDomain (32ms)
		EndReloadAssembly (766ms)
			LoadAssemblies (109ms)
			RebuildTransferFunctionScriptingTraits (0ms)
			SetupTypeCache (262ms)
			ReleaseScriptCaches (1ms)
			RebuildScriptCaches (39ms)
			SetupLoadedEditorAssemblies (284ms)
				LogAssemblyErrors (0ms)
				InitializePlatformSupportModulesInManaged (5ms)
				SetLoadedEditorAssemblies (1ms)
				RefreshPlugins (0ms)
				BeforeProcessingInitializeOnLoad (75ms)
				ProcessInitializeOnLoadAttributes (186ms)
				ProcessInitializeOnLoadMethodAttributes (8ms)
				AfterProcessingInitializeOnLoad (9ms)
				EditorAssembliesLoaded (0ms)
			ExecutionOrderSort2 (0ms)
			AwakeInstancesAfterBackupRestoration (7ms)
Platform modules already initialized, skipping
Refreshing native plugins compatible for Editor in 0.35 ms, found 2 plugins.
Preloading 0 native plugins for Editor in 0.00 ms.
Unloading 1506 Unused Serialized files (Serialized files now loaded: 0)
System memory in use before: 69.7 MB.
System memory in use after: 69.8 MB.

Unloading 12 unused Assets to reduce memory usage. Loaded Objects now: 1968.
Total: 2.743100 ms (FindLiveObjects: 0.142500 ms CreateObjectMapping: 0.052100 ms MarkObjects: 2.521700 ms  DeleteObjects: 0.025900 ms)

AssetImportParameters requested are different than current active one (requested -> active):
  custom:framework-win-MediaFoundation: 216162199b28c13a410421893ffa2e32 -> 
  custom:video-decoder-ogg-theora: a1e56fd34408186e4bbccfd4996cb3dc -> 
  custom:container-muxer-webm: aa71ff27fc2769a1b78a27578f13a17b -> 
  custom:container-demuxer-webm: 4f35f7cbe854078d1ac9338744f61a02 -> 
  custom:container-demuxer-ogg: 62fdf1f143b41e24485cea50d1cbac27 -> 
  custom:video-encoder-webm-vp8: eb34c28f22e8b96e1ab97ce403110664 -> 
  custom:video-decoder-webm-vp8: 9c59270c3fd7afecdb556c50c9e8de78 -> 
  custom:audio-decoder-ogg-vorbis: bf7c407c2cedff20999df2af8eb42d56 -> 
  custom:audio-encoder-webm-vorbis: bf7c407c2cedff20999df2af8eb42d56 -> 
========================================================================
Received Prepare
Registering precompiled user dll's ...
Registered in 0.003772 seconds.
Begin MonoManager ReloadAssembly
Native extension for WindowsStandalone target not found
Native extension for WebGL target not found
Refreshing native plugins compatible for Editor in 0.57 ms, found 2 plugins.
Preloading 0 native plugins for Editor in 0.00 ms.
Mono: successfully reloaded assembly
- Completed reload, in  1.034 seconds
Domain Reload Profiling:
	ReloadAssembly (1034ms)
		BeginReloadAssembly (120ms)
			ExecutionOrderSort (0ms)
			DisableScriptedObjects (5ms)
			BackupInstance (0ms)
			ReleaseScriptingObjects (0ms)
			CreateAndSetChildDomain (30ms)
		EndReloadAssembly (839ms)
			LoadAssemblies (109ms)
			RebuildTransferFunctionScriptingTraits (0ms)
			SetupTypeCache (290ms)
			ReleaseScriptCaches (1ms)
			RebuildScriptCaches (40ms)
			SetupLoadedEditorAssemblies (310ms)
				LogAssemblyErrors (0ms)
				InitializePlatformSupportModulesInManaged (7ms)
				SetLoadedEditorAssemblies (1ms)
				RefreshPlugins (1ms)
				BeforeProcessingInitializeOnLoad (93ms)
				ProcessInitializeOnLoadAttributes (189ms)
				ProcessInitializeOnLoadMethodAttributes (9ms)
				AfterProcessingInitializeOnLoad (11ms)
				EditorAssembliesLoaded (0ms)
			ExecutionOrderSort2 (0ms)
			AwakeInstancesAfterBackupRestoration (8ms)
Platform modules already initialized, skipping
Refreshing native plugins compatible for Editor in 0.36 ms, found 2 plugins.
Preloading 0 native plugins for Editor in 0.00 ms.
Unloading 1506 Unused Serialized files (Serialized files now loaded: 0)
System memory in use before: 69.7 MB.
System memory in use after: 69.8 MB.

Unloading 11 unused Assets to reduce memory usage. Loaded Objects now: 1970.
Total: 3.209900 ms (FindLiveObjects: 0.275400 ms CreateObjectMapping: 0.134400 ms MarkObjects: 2.776400 ms  DeleteObjects: 0.022000 ms)

AssetImportParameters requested are different than current active one (requested -> active):
  custom:framework-win-MediaFoundation: 216162199b28c13a410421893ffa2e32 -> 
  custom:video-decoder-ogg-theora: a1e56fd34408186e4bbccfd4996cb3dc -> 
  custom:container-muxer-webm: aa71ff27fc2769a1b78a27578f13a17b -> 
  custom:container-demuxer-webm: 4f35f7cbe854078d1ac9338744f61a02 -> 
  custom:container-demuxer-ogg: 62fdf1f143b41e24485cea50d1cbac27 -> 
  custom:video-encoder-webm-vp8: eb34c28f22e8b96e1ab97ce403110664 -> 
  custom:video-decoder-webm-vp8: 9c59270c3fd7afecdb556c50c9e8de78 -> 
  custom:audio-decoder-ogg-vorbis: bf7c407c2cedff20999df2af8eb42d56 -> 
  custom:audio-encoder-webm-vorbis: bf7c407c2cedff20999df2af8eb42d56 -> 
========================================================================
Received Prepare
Registering precompiled user dll's ...
Registered in 0.005104 seconds.
Begin MonoManager ReloadAssembly
Native extension for WindowsStandalone target not found
Native extension for WebGL target not found
Refreshing native plugins compatible for Editor in 0.38 ms, found 2 plugins.
Preloading 0 native plugins for Editor in 0.00 ms.
Mono: successfully reloaded assembly
- Completed reload, in  1.368 seconds
Domain Reload Profiling:
	ReloadAssembly (1368ms)
		BeginReloadAssembly (141ms)
			ExecutionOrderSort (0ms)
			DisableScriptedObjects (5ms)
			BackupInstance (0ms)
			ReleaseScriptingObjects (0ms)
			CreateAndSetChildDomain (35ms)
		EndReloadAssembly (1152ms)
			LoadAssemblies (135ms)
			RebuildTransferFunctionScriptingTraits (0ms)
			SetupTypeCache (553ms)
			ReleaseScriptCaches (1ms)
			RebuildScriptCaches (48ms)
			SetupLoadedEditorAssemblies (317ms)
				LogAssemblyErrors (0ms)
				InitializePlatformSupportModulesInManaged (7ms)
				SetLoadedEditorAssemblies (0ms)
				RefreshPlugins (0ms)
				BeforeProcessingInitializeOnLoad (79ms)
				ProcessInitializeOnLoadAttributes (212ms)
				ProcessInitializeOnLoadMethodAttributes (9ms)
				AfterProcessingInitializeOnLoad (9ms)
				EditorAssembliesLoaded (0ms)
			ExecutionOrderSort2 (0ms)
			AwakeInstancesAfterBackupRestoration (7ms)
Platform modules already initialized, skipping
Refreshing native plugins compatible for Editor in 0.37 ms, found 2 plugins.
Preloading 0 native plugins for Editor in 0.00 ms.
Unloading 1507 Unused Serialized files (Serialized files now loaded: 0)
System memory in use before: 69.7 MB.
System memory in use after: 69.8 MB.

Unloading 11 unused Assets to reduce memory usage. Loaded Objects now: 1973.
Total: 2.393000 ms (FindLiveObjects: 0.120200 ms CreateObjectMapping: 0.048200 ms MarkObjects: 2.204600 ms  DeleteObjects: 0.019100 ms)

AssetImportParameters requested are different than current active one (requested -> active):
  custom:framework-win-MediaFoundation: 216162199b28c13a410421893ffa2e32 -> 
  custom:video-decoder-ogg-theora: a1e56fd34408186e4bbccfd4996cb3dc -> 
  custom:container-muxer-webm: aa71ff27fc2769a1b78a27578f13a17b -> 
  custom:container-demuxer-webm: 4f35f7cbe854078d1ac9338744f61a02 -> 
  custom:container-demuxer-ogg: 62fdf1f143b41e24485cea50d1cbac27 -> 
  custom:video-encoder-webm-vp8: eb34c28f22e8b96e1ab97ce403110664 -> 
  custom:video-decoder-webm-vp8: 9c59270c3fd7afecdb556c50c9e8de78 -> 
  custom:audio-decoder-ogg-vorbis: bf7c407c2cedff20999df2af8eb42d56 -> 
  custom:audio-encoder-webm-vorbis: bf7c407c2cedff20999df2af8eb42d56 -> 
========================================================================
Received Import Request.
  Time since last request: 584.321225 seconds.
  path: Assets/Scripts/GAmeSelectFolder/MainMenu.cs
  artifactKey: Guid(b0c684b78c8b5f744a1e49ec21d60f77) Importer(815301076,1909f56bfc062723c751e8b465ee728b)
Start importing Assets/Scripts/GAmeSelectFolder/MainMenu.cs using Guid(b0c684b78c8b5f744a1e49ec21d60f77) Importer(815301076,1909f56bfc062723c751e8b465ee728b)  -> (artifact id: '92e23896f03ae57da44f52927b6da0f9') in 0.005253 seconds 
  Import took 0.007640 seconds .

========================================================================
Received Prepare
Registering precompiled user dll's ...
Registered in 0.003559 seconds.
Begin MonoManager ReloadAssembly
Native extension for WindowsStandalone target not found
Native extension for WebGL target not found
Refreshing native plugins compatible for Editor in 0.35 ms, found 2 plugins.
Preloading 0 native plugins for Editor in 0.00 ms.
Mono: successfully reloaded assembly
- Completed reload, in  0.996 seconds
Domain Reload Profiling:
	ReloadAssembly (996ms)
		BeginReloadAssembly (127ms)
			ExecutionOrderSort (0ms)
			DisableScriptedObjects (5ms)
			BackupInstance (0ms)
			ReleaseScriptingObjects (0ms)
			CreateAndSetChildDomain (33ms)
		EndReloadAssembly (802ms)
			LoadAssemblies (110ms)
			RebuildTransferFunctionScriptingTraits (0ms)
			SetupTypeCache (291ms)
			ReleaseScriptCaches (1ms)
			RebuildScriptCaches (37ms)
			SetupLoadedEditorAssemblies (282ms)
				LogAssemblyErrors (0ms)
				InitializePlatformSupportModulesInManaged (6ms)
				SetLoadedEditorAssemblies (0ms)
				RefreshPlugins (0ms)
				BeforeProcessingInitializeOnLoad (74ms)
				ProcessInitializeOnLoadAttributes (185ms)
				ProcessInitializeOnLoadMethodAttributes (9ms)
				AfterProcessingInitializeOnLoad (8ms)
				EditorAssembliesLoaded (0ms)
			ExecutionOrderSort2 (0ms)
			AwakeInstancesAfterBackupRestoration (7ms)
Platform modules already initialized, skipping
Refreshing native plugins compatible for Editor in 0.42 ms, found 2 plugins.
Preloading 0 native plugins for Editor in 0.00 ms.
Unloading 1507 Unused Serialized files (Serialized files now loaded: 0)
System memory in use before: 69.7 MB.
System memory in use after: 69.8 MB.

Unloading 11 unused Assets to reduce memory usage. Loaded Objects now: 1975.
Total: 2.753400 ms (FindLiveObjects: 0.131300 ms CreateObjectMapping: 0.042600 ms MarkObjects: 2.560000 ms  DeleteObjects: 0.018600 ms)

AssetImportParameters requested are different than current active one (requested -> active):
  custom:framework-win-MediaFoundation: 216162199b28c13a410421893ffa2e32 -> 
  custom:video-decoder-ogg-theora: a1e56fd34408186e4bbccfd4996cb3dc -> 
  custom:container-muxer-webm: aa71ff27fc2769a1b78a27578f13a17b -> 
  custom:container-demuxer-webm: 4f35f7cbe854078d1ac9338744f61a02 -> 
  custom:container-demuxer-ogg: 62fdf1f143b41e24485cea50d1cbac27 -> 
  custom:video-encoder-webm-vp8: eb34c28f22e8b96e1ab97ce403110664 -> 
  custom:video-decoder-webm-vp8: 9c59270c3fd7afecdb556c50c9e8de78 -> 
  custom:audio-decoder-ogg-vorbis: bf7c407c2cedff20999df2af8eb42d56 -> 
  custom:audio-encoder-webm-vorbis: bf7c407c2cedff20999df2af8eb42d56 -> 
========================================================================
Received Import Request.
  Time since last request: 52.514266 seconds.
  path: Assets/Models/AllSkyFree/Overcast Low/Materials/AllSky_Overcast4_Low.mat
  artifactKey: Guid(e711f54060afd43f386cd00bd40db935) Importer(815301076,1909f56bfc062723c751e8b465ee728b)
Start importing Assets/Models/AllSkyFree/Overcast Low/Materials/AllSky_Overcast4_Low.mat using Guid(e711f54060afd43f386cd00bd40db935) Importer(815301076,1909f56bfc062723c751e8b465ee728b)  -> (artifact id: '246d76b2216dfd079ae0da32b47efeef') in 0.121334 seconds 
  Import took 0.124267 seconds .

========================================================================
Received Import Request.
  Time since last request: 0.000246 seconds.
  path: Assets/Materials/Blue.mat
  artifactKey: Guid(743be1e238995ac40af2e31ce2c60ce2) Importer(815301076,1909f56bfc062723c751e8b465ee728b)
Start importing Assets/Materials/Blue.mat using Guid(743be1e238995ac40af2e31ce2c60ce2) Importer(815301076,1909f56bfc062723c751e8b465ee728b)  -> (artifact id: '8a94f5af3d879b3890413133d9907383') in 0.123756 seconds 
  Import took 0.126202 seconds .

========================================================================
Received Import Request.
  Time since last request: 0.000203 seconds.
  path: Assets/Models/AllSkyFree/Overcast Low/AllSky_Overcast4_Low.png
  artifactKey: Guid(c8f21f62fdb3e43c5b32917c84683698) Importer(815301076,1909f56bfc062723c751e8b465ee728b)
Start importing Assets/Models/AllSkyFree/Overcast Low/AllSky_Overcast4_Low.png using Guid(c8f21f62fdb3e43c5b32917c84683698) Importer(815301076,1909f56bfc062723c751e8b465ee728b)  -> (artifact id: '752ebe0c56f565dd88d63d2285911f93') in 0.233213 seconds 
  Import took 0.237160 seconds .

========================================================================
Received Import Request.
  Time since last request: 0.000205 seconds.
  path: Assets/Models/BuildingMaterialsPreview.fbx
  artifactKey: Guid(5e365168319305744a460cf3ce0f05fa) Importer(815301076,1909f56bfc062723c751e8b465ee728b)
Start importing Assets/Models/BuildingMaterialsPreview.fbx using Guid(5e365168319305744a460cf3ce0f05fa) Importer(815301076,1909f56bfc062723c751e8b465ee728b)  -> (artifact id: 'd7b991e80b45646dc281ec2b33bb1ea3') in 1.476773 seconds 
  Import took 1.482613 seconds .

========================================================================
Received Import Request.
  Time since last request: 0.000238 seconds.
  path: Assets/Textures/Skybox/Back_4K_TEX.png
  artifactKey: Guid(1886fe84c8912234586d4423d3439af7) Importer(815301076,1909f56bfc062723c751e8b465ee728b)
Start importing Assets/Textures/Skybox/Back_4K_TEX.png using Guid(1886fe84c8912234586d4423d3439af7) Importer(815301076,1909f56bfc062723c751e8b465ee728b)  -> (artifact id: 'a4df89404b64a6921eab1bafdf6e5b2e') in 0.018320 seconds 
  Import took 0.021495 seconds .

========================================================================
Received Import Request.
  Time since last request: 0.000253 seconds.
  path: Assets/Images/BlackCircularGradient.png
  artifactKey: Guid(a35dcba26624f4453ae35a572108083c) Importer(815301076,1909f56bfc062723c751e8b465ee728b)
Start importing Assets/Images/BlackCircularGradient.png using Guid(a35dcba26624f4453ae35a572108083c) Importer(815301076,1909f56bfc062723c751e8b465ee728b)  -> (artifact id: '3ba0e9edf651b4086b42bd7503918e79') in 0.033036 seconds 
  Import took 0.037128 seconds .

========================================================================
Received Import Request.
  Time since last request: 0.000313 seconds.
  path: Assets/Models/AllSkyFree/Overcast Low/AllSky_Overcast4_Low Equirect.mat
  artifactKey: Guid(54fe2f000ad8f424fb63cc3ea0ae2bb2) Importer(815301076,1909f56bfc062723c751e8b465ee728b)
Start importing Assets/Models/AllSkyFree/Overcast Low/AllSky_Overcast4_Low Equirect.mat using Guid(54fe2f000ad8f424fb63cc3ea0ae2bb2) Importer(815301076,1909f56bfc062723c751e8b465ee728b)  -> (artifact id: 'b2f350619df6d3a2572db255ba0c56b0') in 0.019250 seconds 
  Import took 0.022579 seconds .

========================================================================
Received Import Request.
  Time since last request: 0.000239 seconds.
  path: Assets/Models/character.fbx
  artifactKey: Guid(702e9643645088c44a1e5fedc9b68eb7) Importer(815301076,1909f56bfc062723c751e8b465ee728b)
Start importing Assets/Models/character.fbx using Guid(702e9643645088c44a1e5fedc9b68eb7) Importer(815301076,1909f56bfc062723c751e8b465ee728b)  -> (artifact id: 'ee865bf90496017e02144b3525a05b31') in 0.149620 seconds 
  Import took 0.152622 seconds .

========================================================================
Received Import Request.
  Time since last request: 0.000271 seconds.
  path: Assets/Models/AllSkyFree/Overcast Low/AllSky_Overcast4_Low.mat
  artifactKey: Guid(f2b5f3f20933f434e850db1b710542fd) Importer(815301076,1909f56bfc062723c751e8b465ee728b)
Start importing Assets/Models/AllSkyFree/Overcast Low/AllSky_Overcast4_Low.mat using Guid(f2b5f3f20933f434e850db1b710542fd) Importer(815301076,1909f56bfc062723c751e8b465ee728b)  -> (artifact id: '7f48a4038af3061938be8404cda16b2f') in 0.158652 seconds 
  Import took 0.161068 seconds .

========================================================================
Received Import Request.
  Time since last request: 75.602641 seconds.
  path: Assets/Models/Forest_Models/Models/Forest_Materials/Grass_v2_1.png
  artifactKey: Guid(c21ba585cdeba2c4599d076364526015) Importer(815301076,1909f56bfc062723c751e8b465ee728b)
Start importing Assets/Models/Forest_Models/Models/Forest_Materials/Grass_v2_1.png using Guid(c21ba585cdeba2c4599d076364526015) Importer(815301076,1909f56bfc062723c751e8b465ee728b)  -> (artifact id: '4e7952683f0de9c21fe50f5d8a8ea862') in 0.010939 seconds 
  Import took 0.013941 seconds .

========================================================================
Received Import Request.
  Time since last request: 0.000289 seconds.
  path: Assets/Models/BrokenVector_Rocks/LowPolyRockPack/Materials/Green.mat
  artifactKey: Guid(58580be5a1ee44d42a9966d48abb8758) Importer(815301076,1909f56bfc062723c751e8b465ee728b)
Start importing Assets/Models/BrokenVector_Rocks/LowPolyRockPack/Materials/Green.mat using Guid(58580be5a1ee44d42a9966d48abb8758) Importer(815301076,1909f56bfc062723c751e8b465ee728b)  -> (artifact id: '2f18e47f4f7bf8679098ca196fc9ce50') in 0.020117 seconds 
  Import took 0.022774 seconds .

========================================================================
Received Import Request.
  Time since last request: 0.000240 seconds.
  path: Assets/Models/Forest_Models/Models/Grass_v2_1.prefab
  artifactKey: Guid(bca1934b3991fe648b8181db36dfcfcb) Importer(815301076,1909f56bfc062723c751e8b465ee728b)
Start importing Assets/Models/Forest_Models/Models/Grass_v2_1.prefab using Guid(bca1934b3991fe648b8181db36dfcfcb) Importer(815301076,1909f56bfc062723c751e8b465ee728b)  -> (artifact id: 'ce9da4fc25d44ea0d28e32fa326d4ff3') in 0.152841 seconds 
  Import took 0.155508 seconds .

========================================================================
Received Import Request.
  Time since last request: 0.000192 seconds.
  path: Assets/TextMesh Pro/Resources/Fonts & Materials/LiberationSans SDF - Outline.mat
  artifactKey: Guid(79459efec17a4d00a321bdcc27bbc385) Importer(815301076,1909f56bfc062723c751e8b465ee728b)
Start importing Assets/TextMesh Pro/Resources/Fonts & Materials/LiberationSans SDF - Outline.mat using Guid(79459efec17a4d00a321bdcc27bbc385) Importer(815301076,1909f56bfc062723c751e8b465ee728b)  -> (artifact id: '289988fcecf3b00d1602f8d2b589f7dd') in 0.081392 seconds 
  Import took 0.083872 seconds .

========================================================================
Received Import Request.
  Time since last request: 0.000260 seconds.
  path: Assets/Models/Michelle/jump.fbx
  artifactKey: Guid(22cd396f8b500ca47a2859018c39a41f) Importer(815301076,1909f56bfc062723c751e8b465ee728b)
Start importing Assets/Models/Michelle/jump.fbx using Guid(22cd396f8b500ca47a2859018c39a41f) Importer(815301076,1909f56bfc062723c751e8b465ee728b)  -> (artifact id: '824e33ce0345feaf605e136ee908a5fd') in 0.009163 seconds 
  Import took 0.011674 seconds .

========================================================================
Received Import Request.
  Time since last request: 0.000297 seconds.
  path: Assets/Materials/Green.mat
  artifactKey: Guid(e97707e7f57a33744ace491dd9625b91) Importer(815301076,1909f56bfc062723c751e8b465ee728b)
Start importing Assets/Materials/Green.mat using Guid(e97707e7f57a33744ace491dd9625b91) Importer(815301076,1909f56bfc062723c751e8b465ee728b)  -> (artifact id: '7722ec9608f709922b0052b6fde3ea75') in 0.011427 seconds 
  Import took 0.013832 seconds .

========================================================================
Received Import Request.
  Time since last request: 0.000323 seconds.
  path: Assets/TextMesh Pro/Fonts/IMFellDWPica-Regular.ttf
  artifactKey: Guid(e409785afecca4128ade622eca03ed43) Importer(815301076,1909f56bfc062723c751e8b465ee728b)
Start importing Assets/TextMesh Pro/Fonts/IMFellDWPica-Regular.ttf using Guid(e409785afecca4128ade622eca03ed43) Importer(815301076,1909f56bfc062723c751e8b465ee728b)  -> (artifact id: 'c17eca1a237ec96e1ae12dd3183076cf') in 0.100134 seconds 
  Import took 0.103023 seconds .

========================================================================
Received Import Request.
  Time since last request: 0.000236 seconds.
  path: Assets/Models/MediumVehicleAssembly.fbx
  artifactKey: Guid(b2810db163290bd45ae1414397438859) Importer(815301076,1909f56bfc062723c751e8b465ee728b)
Start importing Assets/Models/MediumVehicleAssembly.fbx using Guid(b2810db163290bd45ae1414397438859) Importer(815301076,1909f56bfc062723c751e8b465ee728b)  -> (artifact id: 'a7cb62279aa7cf982bcda710236c227b') in 0.099817 seconds 
  Import took 0.102239 seconds .

========================================================================
Received Import Request.
  Time since last request: 0.000227 seconds.
  path: Assets/Models/Customizable Skybox/Stylized Sky/Materials/Night3.mat
  artifactKey: Guid(135a7036ca1a07b4e9e162d80e6b6e77) Importer(815301076,1909f56bfc062723c751e8b465ee728b)
Start importing Assets/Models/Customizable Skybox/Stylized Sky/Materials/Night3.mat using Guid(135a7036ca1a07b4e9e162d80e6b6e77) Importer(815301076,1909f56bfc062723c751e8b465ee728b)  -> (artifact id: 'fe7c93416996a896536b8b32f9f2c9dd') in 0.014828 seconds 
  Import took 0.017459 seconds .

========================================================================
Received Import Request.
  Time since last request: 0.000261 seconds.
  path: Assets/Models/Michelle/running.fbx
  artifactKey: Guid(7b0bf2faa318f9848a3a5dd35e0a7b99) Importer(815301076,1909f56bfc062723c751e8b465ee728b)
Start importing Assets/Models/Michelle/running.fbx using Guid(7b0bf2faa318f9848a3a5dd35e0a7b99) Importer(815301076,1909f56bfc062723c751e8b465ee728b)  -> (artifact id: '1ac879c79894cd92dc3421144e51ad96') in 0.011589 seconds 
  Import took 0.014306 seconds .

========================================================================
Received Import Request.
  Time since last request: 0.000262 seconds.
  path: Assets/Prefabs/pedestal.prefab
  artifactKey: Guid(049f5bbb0b7ce4cd998f28e79d2f83fb) Importer(815301076,1909f56bfc062723c751e8b465ee728b)
Start importing Assets/Prefabs/pedestal.prefab using Guid(049f5bbb0b7ce4cd998f28e79d2f83fb) Importer(815301076,1909f56bfc062723c751e8b465ee728b)  -> (artifact id: '6c575fa7844e22733b511611d1c846ce') in 0.006565 seconds 
  Import took 0.009111 seconds .

========================================================================
Received Import Request.
  Time since last request: 0.000311 seconds.
  path: Assets/Materials/Marble.mat
  artifactKey: Guid(b944498c7e4b3436d8025942daa7774f) Importer(815301076,1909f56bfc062723c751e8b465ee728b)
Start importing Assets/Materials/Marble.mat using Guid(b944498c7e4b3436d8025942daa7774f) Importer(815301076,1909f56bfc062723c751e8b465ee728b)  -> (artifact id: 'a6baffafff93c9fe3aa39ba7ba0ac393') in 0.212402 seconds 
  Import took 0.214863 seconds .

========================================================================
Received Import Request.
  Time since last request: 0.000266 seconds.
  path: Assets/TextMesh Pro/Resources/Fonts & Materials/LiberationSans SDF - Fallback.asset
  artifactKey: Guid(2e498d1c8094910479dc3e1b768306a4) Importer(815301076,1909f56bfc062723c751e8b465ee728b)
Start importing Assets/TextMesh Pro/Resources/Fonts & Materials/LiberationSans SDF - Fallback.asset using Guid(2e498d1c8094910479dc3e1b768306a4) Importer(815301076,1909f56bfc062723c751e8b465ee728b)  -> (artifact id: '211a49d07a76b24451dc0fc332b0a61d') in 0.041739 seconds 
  Import took 0.044637 seconds .

========================================================================
Received Import Request.
  Time since last request: 0.000252 seconds.
  path: Assets/Prefabs/Pick Up.prefab
  artifactKey: Guid(04050b28bf5ccd145834a4972f731012) Importer(815301076,1909f56bfc062723c751e8b465ee728b)
Start importing Assets/Prefabs/Pick Up.prefab using Guid(04050b28bf5ccd145834a4972f731012) Importer(815301076,1909f56bfc062723c751e8b465ee728b)  -> (artifact id: '931a8fdd6d899550ae1a313d41059209') in 0.013241 seconds 
  Import took 0.016035 seconds .

========================================================================
Received Import Request.
  Time since last request: 0.000251 seconds.
  path: Assets/Textures/Marble.jpeg
  artifactKey: Guid(e70870be29de34c9bbd5f72d13a4838e) Importer(815301076,1909f56bfc062723c751e8b465ee728b)
Start importing Assets/Textures/Marble.jpeg using Guid(e70870be29de34c9bbd5f72d13a4838e) Importer(815301076,1909f56bfc062723c751e8b465ee728b)  -> (artifact id: '3c92e831cbee72eb8fabe094b45e06e5') in 0.014127 seconds 
  Import took 0.016638 seconds .

========================================================================
Received Import Request.
  Time since last request: 0.000289 seconds.
  path: Assets/TextMesh Pro/Resources/Fonts & Materials/LiberationSans SDF - Drop Shadow.mat
  artifactKey: Guid(e73a58f6e2794ae7b1b7e50b7fb811b0) Importer(815301076,1909f56bfc062723c751e8b465ee728b)
Start importing Assets/TextMesh Pro/Resources/Fonts & Materials/LiberationSans SDF - Drop Shadow.mat using Guid(e73a58f6e2794ae7b1b7e50b7fb811b0) Importer(815301076,1909f56bfc062723c751e8b465ee728b)  -> (artifact id: 'ca0d2861f60500f05bd29199894f7bb5') in 0.081473 seconds 
  Import took 0.084186 seconds .

========================================================================
Received Import Request.
  Time since last request: 0.000226 seconds.
  path: Assets/Models/Customizable Skybox/Stylized Sky/Materials/Night1.mat
  artifactKey: Guid(bbe9494f815f3c340956427c884b72a0) Importer(815301076,1909f56bfc062723c751e8b465ee728b)
Start importing Assets/Models/Customizable Skybox/Stylized Sky/Materials/Night1.mat using Guid(bbe9494f815f3c340956427c884b72a0) Importer(815301076,1909f56bfc062723c751e8b465ee728b)  -> (artifact id: 'f6e2f4a97b46160232e8bcaa823e9cda') in 0.013374 seconds 
  Import took 0.017074 seconds .

========================================================================
Received Import Request.
  Time since last request: 0.000267 seconds.
  path: Assets/Environments/Isometric_Adventure/LightingData.asset
  artifactKey: Guid(8ec702e35c75a5145bf6b326f5b69976) Importer(815301076,1909f56bfc062723c751e8b465ee728b)
Start importing Assets/Environments/Isometric_Adventure/LightingData.asset using Guid(8ec702e35c75a5145bf6b326f5b69976) Importer(815301076,1909f56bfc062723c751e8b465ee728b)  -> (artifact id: 'dc10441295a16370ca4cd9cffa1f2e65') in 0.005184 seconds 
  Import took 0.008227 seconds .

========================================================================
Received Import Request.
  Time since last request: 0.000302 seconds.
  path: Assets/Models/Forest_Models/Models/Forest_Materials/Forest_pack_models_set.FBX
  artifactKey: Guid(11513268302b562498f3c140346b22c8) Importer(815301076,1909f56bfc062723c751e8b465ee728b)
Start importing Assets/Models/Forest_Models/Models/Forest_Materials/Forest_pack_models_set.FBX using Guid(11513268302b562498f3c140346b22c8) Importer(815301076,1909f56bfc062723c751e8b465ee728b)  -> (artifact id: '75b88b141217999cdd5cae102a105fae') in 0.109577 seconds 
  Import took 0.112125 seconds .

========================================================================
Received Import Request.
  Time since last request: 0.000295 seconds.
  path: Assets/Materials/Green_4K_Resolution.mat
  artifactKey: Guid(b13109bc4674dd24ebc04b7c12437ad6) Importer(815301076,1909f56bfc062723c751e8b465ee728b)
Start importing Assets/Materials/Green_4K_Resolution.mat using Guid(b13109bc4674dd24ebc04b7c12437ad6) Importer(815301076,1909f56bfc062723c751e8b465ee728b)  -> (artifact id: 'a3a2608fe3cdc75e18ed89385e11b50a') in 0.035852 seconds 
  Import took 0.039552 seconds .

========================================================================
Received Import Request.
  Time since last request: 0.000250 seconds.
  path: Assets/Models/Michelle/Michelle.fbx
  artifactKey: Guid(517b4aa3a19cb634aa149daa133edb6e) Importer(815301076,1909f56bfc062723c751e8b465ee728b)
Start importing Assets/Models/Michelle/Michelle.fbx using Guid(517b4aa3a19cb634aa149daa133edb6e) Importer(815301076,1909f56bfc062723c751e8b465ee728b)  -> (artifact id: 'ed8d537da395d8447505030da86f6142') in 0.432633 seconds 
  Import took 0.436599 seconds .

========================================================================
Received Import Request.
  Time since last request: 0.000211 seconds.
  path: Assets/TextMesh Pro/Resources/Fonts & Materials/LiberationSans SDF.asset
  artifactKey: Guid(8f586378b4e144a9851e7b34d9b748ee) Importer(815301076,1909f56bfc062723c751e8b465ee728b)
Start importing Assets/TextMesh Pro/Resources/Fonts & Materials/LiberationSans SDF.asset using Guid(8f586378b4e144a9851e7b34d9b748ee) Importer(815301076,1909f56bfc062723c751e8b465ee728b)  -> (artifact id: 'f8a4fc0740ef35b8737a6c9f51a51164') in 0.046943 seconds 
  Import took 0.049803 seconds .

========================================================================
Received Import Request.
  Time since last request: 0.000238 seconds.
  path: Assets/Models/Customizable Skybox/Stylized Sky/Materials/Morning4.mat
  artifactKey: Guid(c7a8e24b01cf73e4bad6eb3cb7d40acc) Importer(815301076,1909f56bfc062723c751e8b465ee728b)
Start importing Assets/Models/Customizable Skybox/Stylized Sky/Materials/Morning4.mat using Guid(c7a8e24b01cf73e4bad6eb3cb7d40acc) Importer(815301076,1909f56bfc062723c751e8b465ee728b)  -> (artifact id: '0206e34bf43e088083c4feef41bd0ce6') in 0.013001 seconds 
  Import took 0.017436 seconds .

========================================================================
Received Import Request.
  Time since last request: 0.000377 seconds.
  path: Assets/Models/Rabbit/Animations/Rabbit@Idle.fbx
  artifactKey: Guid(7419c06bc8205ac4c85a55debfadae62) Importer(815301076,1909f56bfc062723c751e8b465ee728b)
Start importing Assets/Models/Rabbit/Animations/Rabbit@Idle.fbx using Guid(7419c06bc8205ac4c85a55debfadae62) Importer(815301076,1909f56bfc062723c751e8b465ee728b)  -> (artifact id: '65394c59bd343a0a578d01452433dfac') in 0.010213 seconds 
  Import took 0.013849 seconds .

========================================================================
Received Import Request.
  Time since last request: 0.000228 seconds.
  path: Assets/Normal Maps/Marble_Normal.jpg
  artifactKey: Guid(556c495d8bbbc4a79bcb5befab43a910) Importer(815301076,1909f56bfc062723c751e8b465ee728b)
Start importing Assets/Normal Maps/Marble_Normal.jpg using Guid(556c495d8bbbc4a79bcb5befab43a910) Importer(815301076,1909f56bfc062723c751e8b465ee728b)  -> (artifact id: '8f578546e011c4ce2dca7326089feb31') in 0.036163 seconds 
  Import took 0.039595 seconds .

========================================================================
Received Import Request.
  Time since last request: 0.000263 seconds.
  path: Assets/Models/Michelle/idle.fbx
  artifactKey: Guid(c4be6b04143713541b130d4402b47381) Importer(815301076,1909f56bfc062723c751e8b465ee728b)
Start importing Assets/Models/Michelle/idle.fbx using Guid(c4be6b04143713541b130d4402b47381) Importer(815301076,1909f56bfc062723c751e8b465ee728b)  -> (artifact id: '9cc47d81e56213c85222316594e6ea22') in 0.012342 seconds 
  Import took 0.016008 seconds .

========================================================================
Received Import Request.
  Time since last request: 0.000222 seconds.
  path: Assets/Models/Forest_Models/Models/Forest_Materials/Pine_v1.png
  artifactKey: Guid(330a76c3c3267334ba963ed9bc5d2f1e) Importer(815301076,1909f56bfc062723c751e8b465ee728b)
Start importing Assets/Models/Forest_Models/Models/Forest_Materials/Pine_v1.png using Guid(330a76c3c3267334ba963ed9bc5d2f1e) Importer(815301076,1909f56bfc062723c751e8b465ee728b)  -> (artifact id: 'd6377a43ecf936e4c8e546d93cfbb5b5') in 0.013082 seconds 
  Import took 0.016196 seconds .

========================================================================
Received Import Request.
  Time since last request: 0.000213 seconds.
  path: Assets/NavMesh/LightingData.asset
  artifactKey: Guid(1e956286eb02c48cf9457b15eaa6660b) Importer(815301076,1909f56bfc062723c751e8b465ee728b)
Start importing Assets/NavMesh/LightingData.asset using Guid(1e956286eb02c48cf9457b15eaa6660b) Importer(815301076,1909f56bfc062723c751e8b465ee728b)  -> (artifact id: '9a6108b4063d6ef5b2198babb2a64c35') in 0.005053 seconds 
  Import took 0.008606 seconds .

========================================================================
Received Import Request.
  Time since last request: 0.000258 seconds.
  path: Assets/Models/Customizable Skybox/Stylized Sky/Materials/Night4.mat
  artifactKey: Guid(ed1387202b1349540a5d6464f0f27488) Importer(815301076,1909f56bfc062723c751e8b465ee728b)
Start importing Assets/Models/Customizable Skybox/Stylized Sky/Materials/Night4.mat using Guid(ed1387202b1349540a5d6464f0f27488) Importer(815301076,1909f56bfc062723c751e8b465ee728b)  -> (artifact id: '3ddb7a270469af94e51b71c96538e9f6') in 0.017125 seconds 
  Import took 0.020256 seconds .

========================================================================
Received Import Request.
  Time since last request: 0.000374 seconds.
  path: Assets/NavMesh/NavMesh.asset
  artifactKey: Guid(a2a356d36a07542b6b4b2aa7d4403558) Importer(815301076,1909f56bfc062723c751e8b465ee728b)
Start importing Assets/NavMesh/NavMesh.asset using Guid(a2a356d36a07542b6b4b2aa7d4403558) Importer(815301076,1909f56bfc062723c751e8b465ee728b)  -> (artifact id: '171752c8fe7b9f36f047287619bd0973') in 0.005539 seconds 
  Import took 0.009447 seconds .

========================================================================
Received Import Request.
  Time since last request: 0.000188 seconds.
  path: Assets/Environments/FirstPersonExplorer/Lightmap-0_comp_light.exr
  artifactKey: Guid(82198b6627260d848a1a2ee09d9809cc) Importer(815301076,1909f56bfc062723c751e8b465ee728b)
Start importing Assets/Environments/FirstPersonExplorer/Lightmap-0_comp_light.exr using Guid(82198b6627260d848a1a2ee09d9809cc) Importer(815301076,1909f56bfc062723c751e8b465ee728b)  -> (artifact id: 'ec34703f8fa774e81e8881d4f17b94ad') in 0.052844 seconds 
  Import took 0.055812 seconds .

========================================================================
Received Import Request.
  Time since last request: 0.000247 seconds.
  path: Assets/Textures/Skybox/Left_4K_TEX.png
  artifactKey: Guid(50e9f1a69832c5244a6ac020a6b0bba6) Importer(815301076,1909f56bfc062723c751e8b465ee728b)
Start importing Assets/Textures/Skybox/Left_4K_TEX.png using Guid(50e9f1a69832c5244a6ac020a6b0bba6) Importer(815301076,1909f56bfc062723c751e8b465ee728b)  -> (artifact id: 'd15d9987ab3d889901f71341c1657f77') in 0.015279 seconds 
  Import took 0.018953 seconds .

========================================================================
Received Import Request.
  Time since last request: 0.000227 seconds.
  path: Assets/Environments/FirstPersonExplorer/Lightmap-0_comp_dir.png
  artifactKey: Guid(ba6ab837de7614c4a8c86af50dbfee99) Importer(815301076,1909f56bfc062723c751e8b465ee728b)
Start importing Assets/Environments/FirstPersonExplorer/Lightmap-0_comp_dir.png using Guid(ba6ab837de7614c4a8c86af50dbfee99) Importer(815301076,1909f56bfc062723c751e8b465ee728b)  -> (artifact id: '68ddfb4b7da9c8115ebe86953d371658') in 0.012132 seconds 
  Import took 0.015715 seconds .

========================================================================
Received Import Request.
  Time since last request: 0.000241 seconds.
  path: Assets/Models/BrokenVector_Rocks/LowPolyRockPack/Materials/Orange.mat
  artifactKey: Guid(aeea0b0ce40f57741addd46857bdbc00) Importer(815301076,1909f56bfc062723c751e8b465ee728b)
Start importing Assets/Models/BrokenVector_Rocks/LowPolyRockPack/Materials/Orange.mat using Guid(aeea0b0ce40f57741addd46857bdbc00) Importer(815301076,1909f56bfc062723c751e8b465ee728b)  -> (artifact id: 'cf061faa421d169dd58c1459c8938878') in 0.015557 seconds 
  Import took 0.019563 seconds .

========================================================================
Received Import Request.
  Time since last request: 0.000391 seconds.
  path: Assets/Models/Forest_Models/Models/Pine_v1_2.prefab
  artifactKey: Guid(07232b84fecc54e45b2e071b6885bb96) Importer(815301076,1909f56bfc062723c751e8b465ee728b)
Start importing Assets/Models/Forest_Models/Models/Pine_v1_2.prefab using Guid(07232b84fecc54e45b2e071b6885bb96) Importer(815301076,1909f56bfc062723c751e8b465ee728b)  -> (artifact id: 'ed80781f35c558310374f0f78e2b7d0f') in 0.016356 seconds 
  Import took 0.020506 seconds .

========================================================================
Received Import Request.
  Time since last request: 0.000259 seconds.
  path: Assets/Models/JumpPad.fbx
  artifactKey: Guid(eeef29acbd65bab44870e718fe293e09) Importer(815301076,1909f56bfc062723c751e8b465ee728b)
Start importing Assets/Models/JumpPad.fbx using Guid(eeef29acbd65bab44870e718fe293e09) Importer(815301076,1909f56bfc062723c751e8b465ee728b)  -> (artifact id: '2c6bc18770d0ead40b3a45c81ee3595e') in 0.041917 seconds 
  Import took 0.045424 seconds .

========================================================================
Received Import Request.
  Time since last request: 0.000243 seconds.
  path: Assets/Prefabs/Jump Pad.prefab
  artifactKey: Guid(1f1934f9d7925e94d859b392dae966bb) Importer(815301076,1909f56bfc062723c751e8b465ee728b)
Start importing Assets/Prefabs/Jump Pad.prefab using Guid(1f1934f9d7925e94d859b392dae966bb) Importer(815301076,1909f56bfc062723c751e8b465ee728b)  -> (artifact id: '9668bd289eb1c06b95e9118244ccf257') in 0.024571 seconds 
  Import took 0.028352 seconds .

========================================================================
Received Import Request.
  Time since last request: 0.000212 seconds.
  path: Assets/Models/BrokenVector_Rocks/LowPolyRockPack/Materials/Grey.mat
  artifactKey: Guid(18ec5123ab1b37446998bf1b1228a0c0) Importer(815301076,1909f56bfc062723c751e8b465ee728b)
Start importing Assets/Models/BrokenVector_Rocks/LowPolyRockPack/Materials/Grey.mat using Guid(18ec5123ab1b37446998bf1b1228a0c0) Importer(815301076,1909f56bfc062723c751e8b465ee728b)  -> (artifact id: '90ccfb42eb3afa6f1ece196cd63732fd') in 0.015877 seconds 
  Import took 0.018630 seconds .

========================================================================
Received Import Request.
  Time since last request: 0.000245 seconds.
  path: Assets/Models/Customizable Skybox/Stylized Sky/Materials/Morning1.mat
  artifactKey: Guid(8fc56946a1b593c4d8e3e0e94483338e) Importer(815301076,1909f56bfc062723c751e8b465ee728b)
Start importing Assets/Models/Customizable Skybox/Stylized Sky/Materials/Morning1.mat using Guid(8fc56946a1b593c4d8e3e0e94483338e) Importer(815301076,1909f56bfc062723c751e8b465ee728b)  -> (artifact id: '59400c7675528154cc1fbddd09d1dd56') in 0.013026 seconds 
  Import took 0.017090 seconds .

========================================================================
Received Import Request.
  Time since last request: 0.000232 seconds.
  path: Assets/Models/Customizable Skybox/Stylized Sky/Materials/Night2.mat
  artifactKey: Guid(52fcefd712182d743a781fde12426775) Importer(815301076,1909f56bfc062723c751e8b465ee728b)
Start importing Assets/Models/Customizable Skybox/Stylized Sky/Materials/Night2.mat using Guid(52fcefd712182d743a781fde12426775) Importer(815301076,1909f56bfc062723c751e8b465ee728b)  -> (artifact id: '5d84298a474190e91c7eecbcf439fee4') in 0.015310 seconds 
  Import took 0.018664 seconds .

========================================================================
Received Import Request.
  Time since last request: 0.000257 seconds.
  path: Assets/Environments/FirstPersonExplorer/Lightmap-0_comp_shadowmask.png
  artifactKey: Guid(bc8a7939a006f494cbb8d884ed6c5556) Importer(815301076,1909f56bfc062723c751e8b465ee728b)
Start importing Assets/Environments/FirstPersonExplorer/Lightmap-0_comp_shadowmask.png using Guid(bc8a7939a006f494cbb8d884ed6c5556) Importer(815301076,1909f56bfc062723c751e8b465ee728b)  -> (artifact id: '92b38c95811ec3d24ab09a22169153d6') in 0.012294 seconds 
  Import took 0.016691 seconds .

========================================================================
Received Import Request.
  Time since last request: 0.000279 seconds.
  path: Assets/TextMesh Pro/Fonts/LiberationSans.ttf
  artifactKey: Guid(e3265ab4bf004d28a9537516768c1c75) Importer(815301076,1909f56bfc062723c751e8b465ee728b)
Start importing Assets/TextMesh Pro/Fonts/LiberationSans.ttf using Guid(e3265ab4bf004d28a9537516768c1c75) Importer(815301076,1909f56bfc062723c751e8b465ee728b)  -> (artifact id: 'bdddd331c3f1b7826858a8d92db67e39') in 0.020205 seconds 
  Import took 0.024602 seconds .

========================================================================
Received Import Request.
  Time since last request: 0.000261 seconds.
  path: Assets/Environments/FirstPersonExplorer/LightingData.asset
  artifactKey: Guid(228634993ad624a49983dc69a2f7b90c) Importer(815301076,1909f56bfc062723c751e8b465ee728b)
Start importing Assets/Environments/FirstPersonExplorer/LightingData.asset using Guid(228634993ad624a49983dc69a2f7b90c) Importer(815301076,1909f56bfc062723c751e8b465ee728b)  -> (artifact id: 'b7c77528f2609fd011bc4bc18029bd34') in 0.005832 seconds 
  Import took 0.009879 seconds .

========================================================================
Received Import Request.
  Time since last request: 0.000278 seconds.
  path: Assets/Models/MultifunctionalTowerPreview.fbx
  artifactKey: Guid(508193686eb401d48ae0e04c4a1b0c3b) Importer(815301076,1909f56bfc062723c751e8b465ee728b)
Start importing Assets/Models/MultifunctionalTowerPreview.fbx using Guid(508193686eb401d48ae0e04c4a1b0c3b) Importer(815301076,1909f56bfc062723c751e8b465ee728b)  -> (artifact id: 'cce4e9874a4f0c23f727f04385644332') in 0.169150 seconds 
  Import took 0.172797 seconds .

========================================================================
Received Import Request.
  Time since last request: 0.000283 seconds.
  path: Assets/Models/Forest_Models/Models/Pine_v1_1.prefab
  artifactKey: Guid(13f47203b7fe8ff479a289d12f2f47ed) Importer(815301076,1909f56bfc062723c751e8b465ee728b)
Start importing Assets/Models/Forest_Models/Models/Pine_v1_1.prefab using Guid(13f47203b7fe8ff479a289d12f2f47ed) Importer(815301076,1909f56bfc062723c751e8b465ee728b)  -> (artifact id: '411b7b55d91b1e0897d9fd97f6a0d5d0') in 0.012284 seconds 
  Import took 0.015690 seconds .

========================================================================
Received Import Request.
  Time since last request: 0.000185 seconds.
  path: Assets/Models/Customizable Skybox/Stylized Sky/Materials/Morning3.mat
  artifactKey: Guid(022e71752654d3f4fa0cbe71b312ad20) Importer(815301076,1909f56bfc062723c751e8b465ee728b)
Start importing Assets/Models/Customizable Skybox/Stylized Sky/Materials/Morning3.mat using Guid(022e71752654d3f4fa0cbe71b312ad20) Importer(815301076,1909f56bfc062723c751e8b465ee728b)  -> (artifact id: 'fc348c5e9e6aa515ec5e0ea2670c6740') in 0.013068 seconds 
  Import took 0.015891 seconds .

========================================================================
Received Import Request.
  Time since last request: 0.000207 seconds.
  path: Assets/Models/Michelle/Michelle.mat
  artifactKey: Guid(8e8cf06fe6372fd44943b869cead7784) Importer(815301076,1909f56bfc062723c751e8b465ee728b)
Start importing Assets/Models/Michelle/Michelle.mat using Guid(8e8cf06fe6372fd44943b869cead7784) Importer(815301076,1909f56bfc062723c751e8b465ee728b)  -> (artifact id: '9313497f95ab45e49e633f34e8fbe5f2') in 0.020016 seconds 
  Import took 0.022795 seconds .

========================================================================
Received Import Request.
  Time since last request: 0.000280 seconds.
  path: Assets/Models/JumpPadCollider.fbx
  artifactKey: Guid(e08a32a401d2e4f48b791d43cf6a1612) Importer(815301076,1909f56bfc062723c751e8b465ee728b)
Start importing Assets/Models/JumpPadCollider.fbx using Guid(e08a32a401d2e4f48b791d43cf6a1612) Importer(815301076,1909f56bfc062723c751e8b465ee728b)  -> (artifact id: 'e3e8975c769348f70eef13871cf99ef6') in 0.022851 seconds 
  Import took 0.025594 seconds .

========================================================================
Received Import Request.
  Time since last request: 0.000229 seconds.
  path: Assets/Models/Terrains/New Terrain.asset
  artifactKey: Guid(9c0fed0be4c134ea287c9a375962d5ff) Importer(815301076,1909f56bfc062723c751e8b465ee728b)
Start importing Assets/Models/Terrains/New Terrain.asset using Guid(9c0fed0be4c134ea287c9a375962d5ff) Importer(815301076,1909f56bfc062723c751e8b465ee728b)  -> (artifact id: 'df059b8990f092bc94e9a49485ad716e') in 0.020544 seconds 
  Import took 0.023357 seconds .

========================================================================
Received Import Request.
  Time since last request: 0.000193 seconds.
  path: Assets/Materials/Light Gray.mat
  artifactKey: Guid(df9a9ba4f6c311145beb577f755135f2) Importer(815301076,1909f56bfc062723c751e8b465ee728b)
Start importing Assets/Materials/Light Gray.mat using Guid(df9a9ba4f6c311145beb577f755135f2) Importer(815301076,1909f56bfc062723c751e8b465ee728b)  -> (artifact id: '27aad08e6c0c9c7c1a5ebbb96c12f038') in 0.011946 seconds 
  Import took 0.014729 seconds .

========================================================================
Received Import Request.
  Time since last request: 0.000208 seconds.
  path: Assets/Models/Customizable Skybox/Stylized Sky/Materials/Morning2.mat
  artifactKey: Guid(5464c15ff9c6ca04cb5790c1773e76fa) Importer(815301076,1909f56bfc062723c751e8b465ee728b)
Start importing Assets/Models/Customizable Skybox/Stylized Sky/Materials/Morning2.mat using Guid(5464c15ff9c6ca04cb5790c1773e76fa) Importer(815301076,1909f56bfc062723c751e8b465ee728b)  -> (artifact id: '5ccf461bb38fc74c7f8d7b0c2b424ea8') in 0.013043 seconds 
  Import took 0.016190 seconds .

========================================================================
Received Import Request.
  Time since last request: 0.000211 seconds.
  path: Assets/Models/Forest_Models/Models/Forest_Materials/Pine_v1.mat
  artifactKey: Guid(d5f4b3829380d6c48b3b0bad301f2497) Importer(815301076,1909f56bfc062723c751e8b465ee728b)
Start importing Assets/Models/Forest_Models/Models/Forest_Materials/Pine_v1.mat using Guid(d5f4b3829380d6c48b3b0bad301f2497) Importer(815301076,1909f56bfc062723c751e8b465ee728b)  -> (artifact id: '099d6cee89753ea12b564506b42bee3f') in 0.010470 seconds 
  Import took 0.013304 seconds .

========================================================================
Received Import Request.
  Time since last request: 536.535406 seconds.
  path: Assets/Scripts/GAmeSelectFolder/MainMenu.cs
  artifactKey: Guid(b0c684b78c8b5f744a1e49ec21d60f77) Importer(815301076,1909f56bfc062723c751e8b465ee728b)
Start importing Assets/Scripts/GAmeSelectFolder/MainMenu.cs using Guid(b0c684b78c8b5f744a1e49ec21d60f77) Importer(815301076,1909f56bfc062723c751e8b465ee728b)  -> (artifact id: '5322f7ca6b54c12628f6227e3e1b45dc') in 0.003497 seconds 
  Import took 0.006694 seconds .

========================================================================
Received Prepare
Registering precompiled user dll's ...
Registered in 0.004257 seconds.
Begin MonoManager ReloadAssembly
Native extension for WindowsStandalone target not found
Native extension for WebGL target not found
Refreshing native plugins compatible for Editor in 0.37 ms, found 2 plugins.
Preloading 0 native plugins for Editor in 0.00 ms.
Mono: successfully reloaded assembly
- Completed reload, in  1.165 seconds
Domain Reload Profiling:
	ReloadAssembly (1166ms)
		BeginReloadAssembly (204ms)
			ExecutionOrderSort (0ms)
			DisableScriptedObjects (4ms)
			BackupInstance (0ms)
			ReleaseScriptingObjects (0ms)
			CreateAndSetChildDomain (52ms)
		EndReloadAssembly (834ms)
			LoadAssemblies (171ms)
			RebuildTransferFunctionScriptingTraits (0ms)
			SetupTypeCache (323ms)
			ReleaseScriptCaches (1ms)
			RebuildScriptCaches (43ms)
			SetupLoadedEditorAssemblies (278ms)
				LogAssemblyErrors (0ms)
				InitializePlatformSupportModulesInManaged (5ms)
				SetLoadedEditorAssemblies (1ms)
				RefreshPlugins (0ms)
				BeforeProcessingInitializeOnLoad (74ms)
				ProcessInitializeOnLoadAttributes (182ms)
				ProcessInitializeOnLoadMethodAttributes (8ms)
				AfterProcessingInitializeOnLoad (8ms)
				EditorAssembliesLoaded (0ms)
			ExecutionOrderSort2 (0ms)
			AwakeInstancesAfterBackupRestoration (6ms)
Platform modules already initialized, skipping
Refreshing native plugins compatible for Editor in 0.35 ms, found 2 plugins.
Preloading 0 native plugins for Editor in 0.00 ms.
Unloading 1507 Unused Serialized files (Serialized files now loaded: 0)
System memory in use before: 90.2 MB.
System memory in use after: 89.7 MB.

Unloading 14 unused Assets to reduce memory usage. Loaded Objects now: 2042.
Total: 3.039800 ms (FindLiveObjects: 0.233100 ms CreateObjectMapping: 0.074200 ms MarkObjects: 2.360600 ms  DeleteObjects: 0.371200 ms)

AssetImportParameters requested are different than current active one (requested -> active):
  custom:framework-win-MediaFoundation: 216162199b28c13a410421893ffa2e32 -> 
  custom:video-decoder-ogg-theora: a1e56fd34408186e4bbccfd4996cb3dc -> 
  custom:container-muxer-webm: aa71ff27fc2769a1b78a27578f13a17b -> 
  custom:container-demuxer-webm: 4f35f7cbe854078d1ac9338744f61a02 -> 
  custom:container-demuxer-ogg: 62fdf1f143b41e24485cea50d1cbac27 -> 
  custom:video-encoder-webm-vp8: eb34c28f22e8b96e1ab97ce403110664 -> 
  custom:video-decoder-webm-vp8: 9c59270c3fd7afecdb556c50c9e8de78 -> 
  custom:audio-decoder-ogg-vorbis: bf7c407c2cedff20999df2af8eb42d56 -> 
  custom:audio-encoder-webm-vorbis: bf7c407c2cedff20999df2af8eb42d56 -> 
========================================================================
Received Import Request.
  Time since last request: 53.027244 seconds.
  path: Assets/_Scenes/ThirdPersonPlatformer.unity
  artifactKey: Guid(a0412fe4f55351e4ab85ffee3a8757e0) Importer(815301076,1909f56bfc062723c751e8b465ee728b)
Start importing Assets/_Scenes/ThirdPersonPlatformer.unity using Guid(a0412fe4f55351e4ab85ffee3a8757e0) Importer(815301076,1909f56bfc062723c751e8b465ee728b)  -> (artifact id: '6cbdb599f485ee09bc58628e3e5ee98e') in 0.015618 seconds 
  Import took 0.018974 seconds .

========================================================================
Received Prepare
Registering precompiled user dll's ...
Registered in 0.004393 seconds.
Begin MonoManager ReloadAssembly
Native extension for WindowsStandalone target not found
Native extension for WebGL target not found
Refreshing native plugins compatible for Editor in 0.69 ms, found 2 plugins.
Preloading 0 native plugins for Editor in 0.00 ms.
Mono: successfully reloaded assembly
- Completed reload, in  1.121 seconds
Domain Reload Profiling:
	ReloadAssembly (1121ms)
		BeginReloadAssembly (117ms)
			ExecutionOrderSort (0ms)
			DisableScriptedObjects (5ms)
			BackupInstance (0ms)
			ReleaseScriptingObjects (0ms)
			CreateAndSetChildDomain (29ms)
		EndReloadAssembly (940ms)
			LoadAssemblies (103ms)
			RebuildTransferFunctionScriptingTraits (0ms)
			SetupTypeCache (273ms)
			ReleaseScriptCaches (1ms)
			RebuildScriptCaches (39ms)
			SetupLoadedEditorAssemblies (431ms)
				LogAssemblyErrors (0ms)
				InitializePlatformSupportModulesInManaged (6ms)
				SetLoadedEditorAssemblies (1ms)
				RefreshPlugins (1ms)
				BeforeProcessingInitializeOnLoad (109ms)
				ProcessInitializeOnLoadAttributes (294ms)
				ProcessInitializeOnLoadMethodAttributes (10ms)
				AfterProcessingInitializeOnLoad (10ms)
				EditorAssembliesLoaded (0ms)
			ExecutionOrderSort2 (0ms)
			AwakeInstancesAfterBackupRestoration (8ms)
Platform modules already initialized, skipping
Refreshing native plugins compatible for Editor in 0.37 ms, found 2 plugins.
Preloading 0 native plugins for Editor in 0.00 ms.
Unloading 1507 Unused Serialized files (Serialized files now loaded: 0)
System memory in use before: 89.6 MB.
System memory in use after: 89.8 MB.

Unloading 11 unused Assets to reduce memory usage. Loaded Objects now: 2044.
Total: 2.820900 ms (FindLiveObjects: 0.150500 ms CreateObjectMapping: 0.056100 ms MarkObjects: 2.587900 ms  DeleteObjects: 0.025200 ms)

AssetImportParameters requested are different than current active one (requested -> active):
  custom:framework-win-MediaFoundation: 216162199b28c13a410421893ffa2e32 -> 
  custom:video-decoder-ogg-theora: a1e56fd34408186e4bbccfd4996cb3dc -> 
  custom:container-muxer-webm: aa71ff27fc2769a1b78a27578f13a17b -> 
  custom:container-demuxer-webm: 4f35f7cbe854078d1ac9338744f61a02 -> 
  custom:container-demuxer-ogg: 62fdf1f143b41e24485cea50d1cbac27 -> 
  custom:video-encoder-webm-vp8: eb34c28f22e8b96e1ab97ce403110664 -> 
  custom:video-decoder-webm-vp8: 9c59270c3fd7afecdb556c50c9e8de78 -> 
  custom:audio-decoder-ogg-vorbis: bf7c407c2cedff20999df2af8eb42d56 -> 
  custom:audio-encoder-webm-vorbis: bf7c407c2cedff20999df2af8eb42d56 -> 
========================================================================
Received Prepare
Registering precompiled user dll's ...
Registered in 0.004468 seconds.
Begin MonoManager ReloadAssembly
Native extension for WindowsStandalone target not found
Native extension for WebGL target not found
Refreshing native plugins compatible for Editor in 0.55 ms, found 2 plugins.
Preloading 0 native plugins for Editor in 0.00 ms.
Mono: successfully reloaded assembly
- Completed reload, in  1.123 seconds
Domain Reload Profiling:
	ReloadAssembly (1123ms)
		BeginReloadAssembly (116ms)
			ExecutionOrderSort (0ms)
			DisableScriptedObjects (5ms)
			BackupInstance (0ms)
			ReleaseScriptingObjects (0ms)
			CreateAndSetChildDomain (28ms)
		EndReloadAssembly (943ms)
			LoadAssemblies (102ms)
			RebuildTransferFunctionScriptingTraits (0ms)
			SetupTypeCache (274ms)
			ReleaseScriptCaches (1ms)
			RebuildScriptCaches (41ms)
			SetupLoadedEditorAssemblies (420ms)
				LogAssemblyErrors (0ms)
				InitializePlatformSupportModulesInManaged (8ms)
				SetLoadedEditorAssemblies (1ms)
				RefreshPlugins (1ms)
				BeforeProcessingInitializeOnLoad (116ms)
				ProcessInitializeOnLoadAttributes (275ms)
				ProcessInitializeOnLoadMethodAttributes (9ms)
				AfterProcessingInitializeOnLoad (9ms)
				EditorAssembliesLoaded (0ms)
			ExecutionOrderSort2 (0ms)
			AwakeInstancesAfterBackupRestoration (8ms)
Platform modules already initialized, skipping
Refreshing native plugins compatible for Editor in 0.75 ms, found 2 plugins.
Preloading 0 native plugins for Editor in 0.00 ms.
Unloading 1507 Unused Serialized files (Serialized files now loaded: 0)
System memory in use before: 89.7 MB.
System memory in use after: 89.8 MB.

Unloading 11 unused Assets to reduce memory usage. Loaded Objects now: 2046.
Total: 2.597500 ms (FindLiveObjects: 0.155400 ms CreateObjectMapping: 0.054600 ms MarkObjects: 2.363400 ms  DeleteObjects: 0.023200 ms)

AssetImportParameters requested are different than current active one (requested -> active):
  custom:framework-win-MediaFoundation: 216162199b28c13a410421893ffa2e32 -> 
  custom:video-decoder-ogg-theora: a1e56fd34408186e4bbccfd4996cb3dc -> 
  custom:container-muxer-webm: aa71ff27fc2769a1b78a27578f13a17b -> 
  custom:container-demuxer-webm: 4f35f7cbe854078d1ac9338744f61a02 -> 
  custom:container-demuxer-ogg: 62fdf1f143b41e24485cea50d1cbac27 -> 
  custom:video-encoder-webm-vp8: eb34c28f22e8b96e1ab97ce403110664 -> 
  custom:video-decoder-webm-vp8: 9c59270c3fd7afecdb556c50c9e8de78 -> 
  custom:audio-decoder-ogg-vorbis: bf7c407c2cedff20999df2af8eb42d56 -> 
  custom:audio-encoder-webm-vorbis: bf7c407c2cedff20999df2af8eb42d56 -> 
========================================================================
Received Import Request.
  Time since last request: 1110.557429 seconds.
  path: Assets/_Scenes/GameSelectMenu.unity
  artifactKey: Guid(aba0c68ac9ddf4ba89d6fae831be5593) Importer(815301076,1909f56bfc062723c751e8b465ee728b)
Start importing Assets/_Scenes/GameSelectMenu.unity using Guid(aba0c68ac9ddf4ba89d6fae831be5593) Importer(815301076,1909f56bfc062723c751e8b465ee728b)  -> (artifact id: '6ec0a37d52001dcc4232d655f8b74afa') in 0.018017 seconds 
  Import took 0.021105 seconds .

========================================================================
Received Import Request.
  Time since last request: 0.953499 seconds.
  path: Assets/_Scenes/Isometric_Adventure.unity
  artifactKey: Guid(318842067e3e50445b4d03936493fdf6) Importer(815301076,1909f56bfc062723c751e8b465ee728b)
Start importing Assets/_Scenes/Isometric_Adventure.unity using Guid(318842067e3e50445b4d03936493fdf6) Importer(815301076,1909f56bfc062723c751e8b465ee728b)  -> (artifact id: 'fa1d381a5c243b2acbb34d93c9c83dfb') in 0.004559 seconds 
  Import took 0.007226 seconds .

========================================================================
Received Prepare
Registering precompiled user dll's ...
Registered in 0.003364 seconds.
Begin MonoManager ReloadAssembly
Native extension for WindowsStandalone target not found
Native extension for WebGL target not found
Refreshing native plugins compatible for Editor in 0.36 ms, found 2 plugins.
Preloading 0 native plugins for Editor in 0.00 ms.
Mono: successfully reloaded assembly
- Completed reload, in  1.074 seconds
Domain Reload Profiling:
	ReloadAssembly (1075ms)
		BeginReloadAssembly (121ms)
			ExecutionOrderSort (0ms)
			DisableScriptedObjects (4ms)
			BackupInstance (0ms)
			ReleaseScriptingObjects (0ms)
			CreateAndSetChildDomain (29ms)
		EndReloadAssembly (888ms)
			LoadAssemblies (106ms)
			RebuildTransferFunctionScriptingTraits (0ms)
			SetupTypeCache (252ms)
			ReleaseScriptCaches (1ms)
			RebuildScriptCaches (39ms)
			SetupLoadedEditorAssemblies (399ms)
				LogAssemblyErrors (0ms)
				InitializePlatformSupportModulesInManaged (6ms)
				SetLoadedEditorAssemblies (1ms)
				RefreshPlugins (0ms)
				BeforeProcessingInitializeOnLoad (93ms)
				ProcessInitializeOnLoadAttributes (282ms)
				ProcessInitializeOnLoadMethodAttributes (8ms)
				AfterProcessingInitializeOnLoad (8ms)
				EditorAssembliesLoaded (0ms)
			ExecutionOrderSort2 (0ms)
			AwakeInstancesAfterBackupRestoration (7ms)
Platform modules already initialized, skipping
Refreshing native plugins compatible for Editor in 0.39 ms, found 2 plugins.
Preloading 0 native plugins for Editor in 0.00 ms.
Unloading 1507 Unused Serialized files (Serialized files now loaded: 0)
System memory in use before: 89.7 MB.
System memory in use after: 89.8 MB.

Unloading 11 unused Assets to reduce memory usage. Loaded Objects now: 2048.
Total: 3.287300 ms (FindLiveObjects: 0.149800 ms CreateObjectMapping: 0.049900 ms MarkObjects: 3.062700 ms  DeleteObjects: 0.024100 ms)

AssetImportParameters requested are different than current active one (requested -> active):
  custom:framework-win-MediaFoundation: 216162199b28c13a410421893ffa2e32 -> 
  custom:video-decoder-ogg-theora: a1e56fd34408186e4bbccfd4996cb3dc -> 
  custom:container-muxer-webm: aa71ff27fc2769a1b78a27578f13a17b -> 
  custom:container-demuxer-webm: 4f35f7cbe854078d1ac9338744f61a02 -> 
  custom:container-demuxer-ogg: 62fdf1f143b41e24485cea50d1cbac27 -> 
  custom:video-encoder-webm-vp8: eb34c28f22e8b96e1ab97ce403110664 -> 
  custom:video-decoder-webm-vp8: 9c59270c3fd7afecdb556c50c9e8de78 -> 
  custom:audio-decoder-ogg-vorbis: bf7c407c2cedff20999df2af8eb42d56 -> 
  custom:audio-encoder-webm-vorbis: bf7c407c2cedff20999df2af8eb42d56 -> 
========================================================================
Received Prepare
Registering precompiled user dll's ...
Registered in 0.003408 seconds.
Begin MonoManager ReloadAssembly
Native extension for WindowsStandalone target not found
Native extension for WebGL target not found
Refreshing native plugins compatible for Editor in 0.35 ms, found 2 plugins.
Preloading 0 native plugins for Editor in 0.00 ms.
Mono: successfully reloaded assembly
- Completed reload, in  1.041 seconds
Domain Reload Profiling:
	ReloadAssembly (1041ms)
		BeginReloadAssembly (117ms)
			ExecutionOrderSort (0ms)
			DisableScriptedObjects (4ms)
			BackupInstance (0ms)
			ReleaseScriptingObjects (0ms)
			CreateAndSetChildDomain (30ms)
		EndReloadAssembly (862ms)
			LoadAssemblies (101ms)
			RebuildTransferFunctionScriptingTraits (0ms)
			SetupTypeCache (262ms)
			ReleaseScriptCaches (1ms)
			RebuildScriptCaches (36ms)
			SetupLoadedEditorAssemblies (372ms)
				LogAssemblyErrors (0ms)
				InitializePlatformSupportModulesInManaged (5ms)
				SetLoadedEditorAssemblies (0ms)
				RefreshPlugins (0ms)
				BeforeProcessingInitializeOnLoad (76ms)
				ProcessInitializeOnLoadAttributes (267ms)
				ProcessInitializeOnLoadMethodAttributes (12ms)
				AfterProcessingInitializeOnLoad (11ms)
				EditorAssembliesLoaded (0ms)
			ExecutionOrderSort2 (0ms)
			AwakeInstancesAfterBackupRestoration (10ms)
Platform modules already initialized, skipping
Refreshing native plugins compatible for Editor in 0.36 ms, found 2 plugins.
Preloading 0 native plugins for Editor in 0.00 ms.
Unloading 1507 Unused Serialized files (Serialized files now loaded: 0)
System memory in use before: 89.7 MB.
System memory in use after: 89.8 MB.

Unloading 11 unused Assets to reduce memory usage. Loaded Objects now: 2050.
Total: 3.889600 ms (FindLiveObjects: 0.143900 ms CreateObjectMapping: 0.053500 ms MarkObjects: 3.668300 ms  DeleteObjects: 0.023100 ms)

AssetImportParameters requested are different than current active one (requested -> active):
  custom:framework-win-MediaFoundation: 216162199b28c13a410421893ffa2e32 -> 
  custom:video-decoder-ogg-theora: a1e56fd34408186e4bbccfd4996cb3dc -> 
  custom:container-muxer-webm: aa71ff27fc2769a1b78a27578f13a17b -> 
  custom:container-demuxer-webm: 4f35f7cbe854078d1ac9338744f61a02 -> 
  custom:container-demuxer-ogg: 62fdf1f143b41e24485cea50d1cbac27 -> 
  custom:video-encoder-webm-vp8: eb34c28f22e8b96e1ab97ce403110664 -> 
  custom:video-decoder-webm-vp8: 9c59270c3fd7afecdb556c50c9e8de78 -> 
  custom:audio-decoder-ogg-vorbis: bf7c407c2cedff20999df2af8eb42d56 -> 
  custom:audio-encoder-webm-vorbis: bf7c407c2cedff20999df2af8eb42d56 -> 
========================================================================
Received Prepare
Registering precompiled user dll's ...
Registered in 0.004036 seconds.
Begin MonoManager ReloadAssembly
Native extension for WindowsStandalone target not found
Native extension for WebGL target not found
Refreshing native plugins compatible for Editor in 0.60 ms, found 2 plugins.
Preloading 0 native plugins for Editor in 0.00 ms.
Mono: successfully reloaded assembly
- Completed reload, in  1.086 seconds
Domain Reload Profiling:
	ReloadAssembly (1086ms)
		BeginReloadAssembly (116ms)
			ExecutionOrderSort (0ms)
			DisableScriptedObjects (4ms)
			BackupInstance (0ms)
			ReleaseScriptingObjects (0ms)
			CreateAndSetChildDomain (28ms)
		EndReloadAssembly (906ms)
			LoadAssemblies (104ms)
			RebuildTransferFunctionScriptingTraits (0ms)
			SetupTypeCache (271ms)
			ReleaseScriptCaches (1ms)
			RebuildScriptCaches (38ms)
			SetupLoadedEditorAssemblies (397ms)
				LogAssemblyErrors (0ms)
				InitializePlatformSupportModulesInManaged (6ms)
				SetLoadedEditorAssemblies (1ms)
				RefreshPlugins (1ms)
				BeforeProcessingInitializeOnLoad (91ms)
				ProcessInitializeOnLoadAttributes (281ms)
				ProcessInitializeOnLoadMethodAttributes (9ms)
				AfterProcessingInitializeOnLoad (9ms)
				EditorAssembliesLoaded (0ms)
			ExecutionOrderSort2 (0ms)
			AwakeInstancesAfterBackupRestoration (7ms)
Platform modules already initialized, skipping
Refreshing native plugins compatible for Editor in 0.61 ms, found 2 plugins.
Preloading 0 native plugins for Editor in 0.00 ms.
Unloading 1507 Unused Serialized files (Serialized files now loaded: 0)
System memory in use before: 89.7 MB.
System memory in use after: 89.8 MB.

Unloading 11 unused Assets to reduce memory usage. Loaded Objects now: 2052.
Total: 2.592800 ms (FindLiveObjects: 0.131000 ms CreateObjectMapping: 0.045200 ms MarkObjects: 2.391400 ms  DeleteObjects: 0.024200 ms)

AssetImportParameters requested are different than current active one (requested -> active):
  custom:framework-win-MediaFoundation: 216162199b28c13a410421893ffa2e32 -> 
  custom:video-decoder-ogg-theora: a1e56fd34408186e4bbccfd4996cb3dc -> 
  custom:container-muxer-webm: aa71ff27fc2769a1b78a27578f13a17b -> 
  custom:container-demuxer-webm: 4f35f7cbe854078d1ac9338744f61a02 -> 
  custom:container-demuxer-ogg: 62fdf1f143b41e24485cea50d1cbac27 -> 
  custom:video-encoder-webm-vp8: eb34c28f22e8b96e1ab97ce403110664 -> 
  custom:video-decoder-webm-vp8: 9c59270c3fd7afecdb556c50c9e8de78 -> 
  custom:audio-decoder-ogg-vorbis: bf7c407c2cedff20999df2af8eb42d56 -> 
  custom:audio-encoder-webm-vorbis: bf7c407c2cedff20999df2af8eb42d56 -> 
========================================================================
Received Import Request.
  Time since last request: 1042.864359 seconds.
  path: Assets/Textures/Cliff_bright.tif
  artifactKey: Guid(abe46f73ba1c12d44a9abe6b01124caa) Importer(815301076,1909f56bfc062723c751e8b465ee728b)
Start importing Assets/Textures/Cliff_bright.tif using Guid(abe46f73ba1c12d44a9abe6b01124caa) Importer(815301076,1909f56bfc062723c751e8b465ee728b)  -> (artifact id: '86b94985f46d40e6666ca9ae3e387fc9') in 0.069932 seconds 
  Import took 0.072506 seconds .

========================================================================
Received Import Request.
  Time since last request: 0.025605 seconds.
  path: Assets/Textures/Skybox/Front_4K_TEX.png
  artifactKey: Guid(16ebaeeb7518a62408cd882dda9ff28f) Importer(815301076,1909f56bfc062723c751e8b465ee728b)
Start importing Assets/Textures/Skybox/Front_4K_TEX.png using Guid(16ebaeeb7518a62408cd882dda9ff28f) Importer(815301076,1909f56bfc062723c751e8b465ee728b)  -> (artifact id: '6a4834f6fa98204d7173c8243a7abe77') in 0.013788 seconds 
  Import took 0.018583 seconds .

========================================================================
Received Import Request.
  Time since last request: 0.005259 seconds.
  path: Assets/Materials/BuildingGlow.mat
  artifactKey: Guid(d840213d6fa607740ab59cd20b39da89) Importer(815301076,1909f56bfc062723c751e8b465ee728b)
Start importing Assets/Materials/BuildingGlow.mat using Guid(d840213d6fa607740ab59cd20b39da89) Importer(815301076,1909f56bfc062723c751e8b465ee728b)  -> (artifact id: 'd4f6e511c9842cc82da4520c615563ed') in 0.043619 seconds 
  Import took 0.046834 seconds .

========================================================================
Received Import Request.
  Time since last request: 0.012286 seconds.
  path: Assets/Environments/FirstPersonExplorer/ReflectionProbe-0.exr
  artifactKey: Guid(9428b96916daaf34a8f557a328130cde) Importer(815301076,1909f56bfc062723c751e8b465ee728b)
Start importing Assets/Environments/FirstPersonExplorer/ReflectionProbe-0.exr using Guid(9428b96916daaf34a8f557a328130cde) Importer(815301076,1909f56bfc062723c751e8b465ee728b)  -> (artifact id: 'ecccea1a6d2477940c9023c5e2f43aa9') in 0.029898 seconds 
  Import took 0.032653 seconds .

========================================================================
Received Import Request.
  Time since last request: 0.021464 seconds.
  path: Assets/Textures/Skybox/Right_4K_TEX.png
  artifactKey: Guid(7f2abb6c41baed84a8eb41adc730dd6d) Importer(815301076,1909f56bfc062723c751e8b465ee728b)
Start importing Assets/Textures/Skybox/Right_4K_TEX.png using Guid(7f2abb6c41baed84a8eb41adc730dd6d) Importer(815301076,1909f56bfc062723c751e8b465ee728b)  -> (artifact id: 'dc7d56fe2748ace662bd2c9d5031bb3b') in 0.013490 seconds 
  Import took 0.017100 seconds .

========================================================================
Received Import Request.
  Time since last request: 0.009301 seconds.
  path: Assets/Materials/Glow.mat
  artifactKey: Guid(2799a046a74156a4c90f786da50b0a32) Importer(815301076,1909f56bfc062723c751e8b465ee728b)
Start importing Assets/Materials/Glow.mat using Guid(2799a046a74156a4c90f786da50b0a32) Importer(815301076,1909f56bfc062723c751e8b465ee728b)  -> (artifact id: '09935871be2e14e9539b454cbcb4c372') in 0.016104 seconds 
  Import took 0.021078 seconds .

========================================================================
Received Import Request.
  Time since last request: 0.005663 seconds.
  path: Assets/Materials/Building.mat
  artifactKey: Guid(2879e27f717fa91478cb1e9b13a3ac3f) Importer(815301076,1909f56bfc062723c751e8b465ee728b)
Start importing Assets/Materials/Building.mat using Guid(2879e27f717fa91478cb1e9b13a3ac3f) Importer(815301076,1909f56bfc062723c751e8b465ee728b)  -> (artifact id: '64e8914a22ecd799cf29ee66c66e7a9b') in 0.017601 seconds 
  Import took 0.021643 seconds .

========================================================================
Received Import Request.
  Time since last request: 0.061745 seconds.
  path: Assets/Textures/Skybox/Down_4K_TEX.png
  artifactKey: Guid(8d89aa73e7a8ffa449bc080309db1c3c) Importer(815301076,1909f56bfc062723c751e8b465ee728b)
Start importing Assets/Textures/Skybox/Down_4K_TEX.png using Guid(8d89aa73e7a8ffa449bc080309db1c3c) Importer(815301076,1909f56bfc062723c751e8b465ee728b)  -> (artifact id: '10b94e2e657c8f3557de5977021505ff') in 0.016366 seconds 
  Import took 0.020623 seconds .

========================================================================
Received Import Request.
  Time since last request: 0.005635 seconds.
  path: Assets/Textures/TerrainLayer 1.terrainlayer
  artifactKey: Guid(fabee3e7d6a8aab4185a5c3428297d8c) Importer(815301076,1909f56bfc062723c751e8b465ee728b)
Start importing Assets/Textures/TerrainLayer 1.terrainlayer using Guid(fabee3e7d6a8aab4185a5c3428297d8c) Importer(815301076,1909f56bfc062723c751e8b465ee728b)  -> (artifact id: '57b0c67141af2b53f9400315e4820aa2') in 0.022562 seconds 
  Import took 0.026881 seconds .

========================================================================
Received Import Request.
  Time since last request: 0.006460 seconds.
  path: Assets/Models/CP_Props_base_emission_colors.png
  artifactKey: Guid(91ce6e422fa89f64c8080f693d557bd6) Importer(815301076,1909f56bfc062723c751e8b465ee728b)
Start importing Assets/Models/CP_Props_base_emission_colors.png using Guid(91ce6e422fa89f64c8080f693d557bd6) Importer(815301076,1909f56bfc062723c751e8b465ee728b)  -> (artifact id: 'bce4445a0aac2a619915cefb593f59d8') in 0.017638 seconds 
  Import took 0.020969 seconds .

========================================================================
Received Import Request.
  Time since last request: 0.005889 seconds.
  path: Assets/Models/Smeltery.fbx
  artifactKey: Guid(8837829838a45ed449ce7b7315cdd22a) Importer(815301076,1909f56bfc062723c751e8b465ee728b)
Start importing Assets/Models/Smeltery.fbx using Guid(8837829838a45ed449ce7b7315cdd22a) Importer(815301076,1909f56bfc062723c751e8b465ee728b)  -> (artifact id: '94700f47af0ca4503f7698c2867eff3f') in 0.127725 seconds 
  Import took 0.131262 seconds .

========================================================================
Received Import Request.
  Time since last request: 0.009441 seconds.
  path: Assets/Environments/FirstPersonExplorer/Post Processing Profile.asset
  artifactKey: Guid(c6cbe58636844bc439fbed21b03aff3c) Importer(815301076,1909f56bfc062723c751e8b465ee728b)
Start importing Assets/Environments/FirstPersonExplorer/Post Processing Profile.asset using Guid(c6cbe58636844bc439fbed21b03aff3c) Importer(815301076,1909f56bfc062723c751e8b465ee728b)  -> (artifact id: '0be0040549fdbae134f2bdf1658f7c62') in 0.003824 seconds 
  Import took 0.007248 seconds .

========================================================================
Received Import Request.
  Time since last request: 0.004933 seconds.
  path: Assets/Prefabs/CharacterModel.prefab
  artifactKey: Guid(e872072c07cdbee4888e8a9fcbf85384) Importer(815301076,1909f56bfc062723c751e8b465ee728b)
Start importing Assets/Prefabs/CharacterModel.prefab using Guid(e872072c07cdbee4888e8a9fcbf85384) Importer(815301076,1909f56bfc062723c751e8b465ee728b)  -> (artifact id: '6a1577505e37699d728276c537e9117d') in 0.018745 seconds 
  Import took 0.023488 seconds .

========================================================================
Received Import Request.
  Time since last request: 0.004892 seconds.
  path: Assets/Textures/TerrainLayer.terrainlayer
  artifactKey: Guid(8f4542f6ba9318b49a415c5ad201f6e8) Importer(815301076,1909f56bfc062723c751e8b465ee728b)
Start importing Assets/Textures/TerrainLayer.terrainlayer using Guid(8f4542f6ba9318b49a415c5ad201f6e8) Importer(815301076,1909f56bfc062723c751e8b465ee728b)  -> (artifact id: '77106db430a3bc9a246f67a9c82562dc') in 0.011608 seconds 
  Import took 0.014987 seconds .

========================================================================
Received Import Request.
  Time since last request: 0.011676 seconds.
  path: Assets/Models/Props.png
  artifactKey: Guid(8be5678fbe5f50043ad2a13f13003e68) Importer(815301076,1909f56bfc062723c751e8b465ee728b)
Start importing Assets/Models/Props.png using Guid(8be5678fbe5f50043ad2a13f13003e68) Importer(815301076,1909f56bfc062723c751e8b465ee728b)  -> (artifact id: '983526e0a8b5fb12d897274228da577b') in 0.008776 seconds 
  Import took 0.012287 seconds .

========================================================================
Received Import Request.
  Time since last request: 0.006400 seconds.
  path: Assets/Environments/FirstPersonExplorer/Terrain.asset
  artifactKey: Guid(054653ae64e02364c9d61bf47fe56529) Importer(815301076,1909f56bfc062723c751e8b465ee728b)
Start importing Assets/Environments/FirstPersonExplorer/Terrain.asset using Guid(054653ae64e02364c9d61bf47fe56529) Importer(815301076,1909f56bfc062723c751e8b465ee728b)  -> (artifact id: '8e5a590db7dfe50beb0a3ef18a24e500') in 0.027529 seconds 
  Import took 0.031323 seconds .

========================================================================
Received Import Request.
  Time since last request: 0.010157 seconds.
  path: Assets/Textures/sand_seamless_1.tif
  artifactKey: Guid(cc0bc2f4acf12b749b605afc56bbc619) Importer(815301076,1909f56bfc062723c751e8b465ee728b)
Start importing Assets/Textures/sand_seamless_1.tif using Guid(cc0bc2f4acf12b749b605afc56bbc619) Importer(815301076,1909f56bfc062723c751e8b465ee728b)  -> (artifact id: 'cb64155e62bc0a6d3831543c88ff150e') in 0.011116 seconds 
  Import took 0.015248 seconds .

========================================================================
Received Import Request.
  Time since last request: 0.006043 seconds.
  path: Assets/Models/SimpleBuildingPreview.fbx
  artifactKey: Guid(55ce68db8f3e4c040b19909d56072681) Importer(815301076,1909f56bfc062723c751e8b465ee728b)
Start importing Assets/Models/SimpleBuildingPreview.fbx using Guid(55ce68db8f3e4c040b19909d56072681) Importer(815301076,1909f56bfc062723c751e8b465ee728b)  -> (artifact id: '4589a0f1aac8a541d16b4010b8bd9ea7') in 0.272238 seconds 
  Import took 0.275786 seconds .

========================================================================
Received Import Request.
  Time since last request: 0.035681 seconds.
  path: Assets/Textures/Skybox/Up_4K_TEX.png
  artifactKey: Guid(5ba8a898ec67759488dd22b585643d63) Importer(815301076,1909f56bfc062723c751e8b465ee728b)
Start importing Assets/Textures/Skybox/Up_4K_TEX.png using Guid(5ba8a898ec67759488dd22b585643d63) Importer(815301076,1909f56bfc062723c751e8b465ee728b)  -> (artifact id: '87d377ab115055703d643d77935c159c') in 0.010326 seconds 
  Import took 0.013170 seconds .

AssetImportWorkerClient::OnTransportError - code=2 error=End of file
